{"/home/travis/build/npmtest/node-npmtest-hapi-ending/test.js":{"path":"/home/travis/build/npmtest/node-npmtest-hapi-ending/test.js","s":{"1":2,"2":2,"3":2,"4":2,"5":2,"6":2,"7":2,"8":1,"9":2,"10":2,"11":1,"12":1,"13":1,"14":1,"15":2,"16":2,"17":2,"18":2,"19":1,"20":1,"21":2,"22":2,"23":2,"24":1,"25":1,"26":1,"27":1,"28":1,"29":1,"30":1,"31":1,"32":1,"33":1,"34":1,"35":1,"36":1,"37":1,"38":1,"39":2,"40":2,"41":1,"42":2,"43":2,"44":1,"45":2,"46":2,"47":1,"48":2,"49":2,"50":1,"51":1,"52":1,"53":1,"54":1},"b":{"1":[2,1,1,1],"2":[1,1,1,1],"3":[1,1],"4":[1,1],"5":[1,1],"6":[1,1],"7":[1,1],"8":[1,1],"9":[1,1],"10":[1,1,1],"11":[1,1],"12":[1,1],"13":[1,1],"14":[1,1],"15":[1,1],"16":[1,1],"17":[1,1]},"f":{"1":2,"2":2,"3":2,"4":2,"5":2,"6":1,"7":1,"8":1,"9":2,"10":2,"11":2,"12":2,"13":1},"fnMap":{"1":{"name":"(anonymous_1)","line":12,"loc":{"start":{"line":12,"column":1},"end":{"line":12,"column":13}}},"2":{"name":"(anonymous_2)","line":19,"loc":{"start":{"line":19,"column":5},"end":{"line":19,"column":17}}},"3":{"name":"(anonymous_3)","line":23,"loc":{"start":{"line":23,"column":24},"end":{"line":23,"column":36}}},"4":{"name":"(anonymous_4)","line":61,"loc":{"start":{"line":61,"column":5},"end":{"line":61,"column":17}}},"5":{"name":"(anonymous_5)","line":82,"loc":{"start":{"line":82,"column":5},"end":{"line":82,"column":17}}},"6":{"name":"(anonymous_6)","line":91,"loc":{"start":{"line":91,"column":77},"end":{"line":94,"column":10}}},"7":{"name":"(anonymous_7)","line":112,"loc":{"start":{"line":112,"column":83},"end":{"line":115,"column":10}},"skip":true},"8":{"name":"(anonymous_8)","line":123,"loc":{"start":{"line":123,"column":77},"end":{"line":126,"column":10}},"skip":true},"9":{"name":"(anonymous_9)","line":139,"loc":{"start":{"line":139,"column":12},"end":{"line":139,"column":40}},"skip":true},"10":{"name":"(anonymous_10)","line":147,"loc":{"start":{"line":147,"column":77},"end":{"line":150,"column":10}},"skip":true},"11":{"name":"(anonymous_11)","line":158,"loc":{"start":{"line":158,"column":83},"end":{"line":161,"column":10}},"skip":true},"12":{"name":"(anonymous_12)","line":169,"loc":{"start":{"line":169,"column":79},"end":{"line":172,"column":10}},"skip":true},"13":{"name":"(anonymous_13)","line":180,"loc":{"start":{"line":180,"column":75},"end":{"line":183,"column":10}},"skip":true}},"statementMap":{"1":{"start":{"line":12,"column":0},"end":{"line":195,"column":5}},"2":{"start":{"line":14,"column":4},"end":{"line":14,"column":14}},"3":{"start":{"line":19,"column":4},"end":{"line":56,"column":9}},"4":{"start":{"line":21,"column":8},"end":{"line":21,"column":19}},"5":{"start":{"line":23,"column":8},"end":{"line":35,"column":13}},"6":{"start":{"line":24,"column":12},"end":{"line":34,"column":13}},"7":{"start":{"line":25,"column":16},"end":{"line":28,"column":30}},"8":{"start":{"line":30,"column":16},"end":{"line":33,"column":27}},"9":{"start":{"line":37,"column":8},"end":{"line":39,"column":21}},"10":{"start":{"line":40,"column":8},"end":{"line":53,"column":9}},"11":{"start":{"line":43,"column":12},"end":{"line":46,"column":14}},"12":{"start":{"line":47,"column":12},"end":{"line":47,"column":18}},"13":{"start":{"line":50,"column":12},"end":{"line":51,"column":33}},"14":{"start":{"line":52,"column":12},"end":{"line":52,"column":18}},"15":{"start":{"line":55,"column":8},"end":{"line":55,"column":35}},"16":{"start":{"line":61,"column":4},"end":{"line":63,"column":9}},"17":{"start":{"line":62,"column":8},"end":{"line":62,"column":15}},"18":{"start":{"line":64,"column":4},"end":{"line":77,"column":5}},"19":{"start":{"line":70,"column":8},"end":{"line":70,"column":14}},"20":{"start":{"line":76,"column":8},"end":{"line":76,"column":14}},"21":{"start":{"line":82,"column":4},"end":{"line":84,"column":9}},"22":{"start":{"line":83,"column":8},"end":{"line":83,"column":15}},"23":{"start":{"line":85,"column":4},"end":{"line":194,"column":5}},"24":{"start":{"line":91,"column":8},"end":{"line":99,"column":10}},"25":{"start":{"line":98,"column":12},"end":{"line":98,"column":35}},"26":{"start":{"line":102,"column":8},"end":{"line":104,"column":63}},"27":{"start":{"line":105,"column":8},"end":{"line":105,"column":14}},"28":{"start":{"line":112,"column":8},"end":{"line":121,"column":10},"skip":true},"29":{"start":{"line":119,"column":12},"end":{"line":119,"column":55},"skip":true},"30":{"start":{"line":120,"column":12},"end":{"line":120,"column":48},"skip":true},"31":{"start":{"line":123,"column":8},"end":{"line":136,"column":10},"skip":true},"32":{"start":{"line":130,"column":12},"end":{"line":130,"column":76},"skip":true},"33":{"start":{"line":131,"column":12},"end":{"line":131,"column":73},"skip":true},"34":{"start":{"line":132,"column":12},"end":{"line":132,"column":74},"skip":true},"35":{"start":{"line":133,"column":12},"end":{"line":133,"column":79},"skip":true},"36":{"start":{"line":134,"column":12},"end":{"line":134,"column":25},"skip":true},"37":{"start":{"line":135,"column":12},"end":{"line":135,"column":45},"skip":true},"38":{"start":{"line":138,"column":8},"end":{"line":145,"column":14},"skip":true},"39":{"start":{"line":143,"column":16},"end":{"line":143,"column":29},"skip":true},"40":{"start":{"line":144,"column":16},"end":{"line":144,"column":55},"skip":true},"41":{"start":{"line":147,"column":8},"end":{"line":156,"column":10},"skip":true},"42":{"start":{"line":154,"column":12},"end":{"line":154,"column":25},"skip":true},"43":{"start":{"line":155,"column":12},"end":{"line":155,"column":45},"skip":true},"44":{"start":{"line":158,"column":8},"end":{"line":167,"column":10},"skip":true},"45":{"start":{"line":165,"column":12},"end":{"line":165,"column":25},"skip":true},"46":{"start":{"line":166,"column":12},"end":{"line":166,"column":48},"skip":true},"47":{"start":{"line":169,"column":8},"end":{"line":178,"column":10},"skip":true},"48":{"start":{"line":176,"column":12},"end":{"line":176,"column":25},"skip":true},"49":{"start":{"line":177,"column":12},"end":{"line":177,"column":46},"skip":true},"50":{"start":{"line":180,"column":8},"end":{"line":189,"column":10},"skip":true},"51":{"start":{"line":187,"column":12},"end":{"line":187,"column":94},"skip":true},"52":{"start":{"line":188,"column":12},"end":{"line":188,"column":48},"skip":true},"53":{"start":{"line":192,"column":8},"end":{"line":192,"column":35},"skip":true},"54":{"start":{"line":193,"column":8},"end":{"line":193,"column":14},"skip":true}},"branchMap":{"1":{"line":25,"type":"binary-expr","locations":[{"start":{"line":25,"column":23},"end":{"line":25,"column":62}},{"start":{"line":26,"column":20},"end":{"line":26,"column":70}},{"start":{"line":27,"column":20},"end":{"line":27,"column":71}},{"start":{"line":28,"column":20},"end":{"line":28,"column":29}}]},"2":{"line":30,"type":"binary-expr","locations":[{"start":{"line":30,"column":23},"end":{"line":30,"column":37}},{"start":{"line":31,"column":20},"end":{"line":31,"column":61}},{"start":{"line":32,"column":20},"end":{"line":32,"column":70}},{"start":{"line":33,"column":20},"end":{"line":33,"column":26}}]},"3":{"line":37,"type":"cond-expr","locations":[{"start":{"line":38,"column":14},"end":{"line":38,"column":20}},{"start":{"line":39,"column":14},"end":{"line":39,"column":20}}]},"4":{"line":40,"type":"switch","locations":[{"start":{"line":42,"column":8},"end":{"line":47,"column":18}},{"start":{"line":49,"column":8},"end":{"line":52,"column":18}}]},"5":{"line":44,"type":"binary-expr","locations":[{"start":{"line":44,"column":16},"end":{"line":44,"column":44}},{"start":{"line":44,"column":48},"end":{"line":44,"column":66}}]},"6":{"line":50,"type":"binary-expr","locations":[{"start":{"line":50,"column":21},"end":{"line":50,"column":49}},{"start":{"line":50,"column":53},"end":{"line":50,"column":72}}]},"7":{"line":64,"type":"switch","locations":[{"start":{"line":69,"column":4},"end":{"line":70,"column":14}},{"start":{"line":75,"column":4},"end":{"line":76,"column":14}}]},"8":{"line":85,"type":"switch","locations":[{"start":{"line":90,"column":4},"end":{"line":105,"column":14}},{"start":{"line":111,"column":4},"end":{"line":193,"column":14},"skip":true}]},"9":{"line":91,"type":"binary-expr","locations":[{"start":{"line":91,"column":42},"end":{"line":91,"column":73}},{"start":{"line":91,"column":77},"end":{"line":99,"column":9}}]},"10":{"line":102,"type":"binary-expr","locations":[{"start":{"line":102,"column":18},"end":{"line":102,"column":32}},{"start":{"line":103,"column":12},"end":{"line":103,"column":53}},{"start":{"line":104,"column":12},"end":{"line":104,"column":61}}]},"11":{"line":112,"type":"binary-expr","locations":[{"start":{"line":112,"column":45},"end":{"line":112,"column":79},"skip":true},{"start":{"line":112,"column":83},"end":{"line":121,"column":9},"skip":true}]},"12":{"line":123,"type":"binary-expr","locations":[{"start":{"line":123,"column":42},"end":{"line":123,"column":73},"skip":true},{"start":{"line":123,"column":77},"end":{"line":136,"column":9},"skip":true}]},"13":{"line":138,"type":"binary-expr","locations":[{"start":{"line":138,"column":48},"end":{"line":138,"column":85},"skip":true},{"start":{"line":139,"column":12},"end":{"line":145,"column":13},"skip":true}]},"14":{"line":147,"type":"binary-expr","locations":[{"start":{"line":147,"column":42},"end":{"line":147,"column":73},"skip":true},{"start":{"line":147,"column":77},"end":{"line":156,"column":9},"skip":true}]},"15":{"line":158,"type":"binary-expr","locations":[{"start":{"line":158,"column":45},"end":{"line":158,"column":79},"skip":true},{"start":{"line":158,"column":83},"end":{"line":167,"column":9},"skip":true}]},"16":{"line":169,"type":"binary-expr","locations":[{"start":{"line":169,"column":43},"end":{"line":169,"column":75},"skip":true},{"start":{"line":169,"column":79},"end":{"line":178,"column":9},"skip":true}]},"17":{"line":180,"type":"binary-expr","locations":[{"start":{"line":180,"column":41},"end":{"line":180,"column":71},"skip":true},{"start":{"line":180,"column":75},"end":{"line":189,"column":9},"skip":true}]}},"code":["/* istanbul instrument in package npmtest_hapi_ending */","/*jslint","    bitwise: true,","    browser: true,","    maxerr: 8,","    maxlen: 96,","    node: true,","    nomen: true,","    regexp: true,","    stupid: true","*/","(function () {","    'use strict';","    var local;","","","","    // run shared js-env code - pre-init","    (function () {","        // init local","        local = {};","        // init modeJs","        local.modeJs = (function () {","            try {","                return typeof navigator.userAgent === 'string' &&","                    typeof document.querySelector('body') === 'object' &&","                    typeof XMLHttpRequest.prototype.open === 'function' &&","                    'browser';","            } catch (errorCaughtBrowser) {","                return module.exports &&","                    typeof process.versions.node === 'string' &&","                    typeof require('http').createServer === 'function' &&","                    'node';","            }","        }());","        // init global","        local.global = local.modeJs === 'browser'","            ? window","            : global;","        switch (local.modeJs) {","        // re-init local from window.local","        case 'browser':","            local = local.global.utility2.objectSetDefault(","                local.global.utility2_rollup || local.global.local,","                local.global.utility2","            );","            break;","        // re-init local from example.js","        case 'node':","            local = (local.global.utility2_rollup || require('utility2'))","                .requireReadme();","            break;","        }","        // export local","        local.global.local = local;","    }());","","","","    // run shared js-env code - function","    (function () {","        return;","    }());","    switch (local.modeJs) {","","","","    // run browser js-env code - function","    case 'browser':","        break;","","","","    // run node js-env code - function","    case 'node':","        break;","    }","","","","    // run shared js-env code - post-init","    (function () {","        return;","    }());","    switch (local.modeJs) {","","","","    // run browser js-env code - post-init","    case 'browser':","        local.testCase_browser_nullCase = local.testCase_browser_nullCase || function (","            options,","            onError","        ) {","        /*","         * this function will test browsers's null-case handling-behavior-behavior","         */","            onError(null, options);","        };","","        // run tests","        local.nop(local.modeTest &&","            document.querySelector('#testRunButton1') &&","            document.querySelector('#testRunButton1').click());","        break;","","","","    // run node js-env code - post-init","    /* istanbul ignore next */","    case 'node':","        local.testCase_buildApidoc_default = local.testCase_buildApidoc_default || function (","            options,","            onError","        ) {","        /*","         * this function will test buildApidoc's default handling-behavior-behavior","         */","            options = { modulePathList: module.paths };","            local.buildApidoc(options, onError);","        };","","        local.testCase_buildApp_default = local.testCase_buildApp_default || function (","            options,","            onError","        ) {","        /*","         * this function will test buildApp's default handling-behavior-behavior","         */","            local.testCase_buildReadme_default(options, local.onErrorThrow);","            local.testCase_buildLib_default(options, local.onErrorThrow);","            local.testCase_buildTest_default(options, local.onErrorThrow);","            local.testCase_buildCustomOrg_default(options, local.onErrorThrow);","            options = [];","            local.buildApp(options, onError);","        };","","        local.testCase_buildCustomOrg_default = local.testCase_buildCustomOrg_default ||","            function (options, onError) {","            /*","             * this function will test buildCustomOrg's default handling-behavior","             */","                options = {};","                local.buildCustomOrg(options, onError);","            };","","        local.testCase_buildLib_default = local.testCase_buildLib_default || function (","            options,","            onError","        ) {","        /*","         * this function will test buildLib's default handling-behavior","         */","            options = {};","            local.buildLib(options, onError);","        };","","        local.testCase_buildReadme_default = local.testCase_buildReadme_default || function (","            options,","            onError","        ) {","        /*","         * this function will test buildReadme's default handling-behavior-behavior","         */","            options = {};","            local.buildReadme(options, onError);","        };","","        local.testCase_buildTest_default = local.testCase_buildTest_default || function (","            options,","            onError","        ) {","        /*","         * this function will test buildTest's default handling-behavior","         */","            options = {};","            local.buildTest(options, onError);","        };","","        local.testCase_webpage_default = local.testCase_webpage_default || function (","            options,","            onError","        ) {","        /*","         * this function will test webpage's default handling-behavior","         */","            options = { modeCoverageMerge: true, url: local.serverLocalHost + '?modeTest=1' };","            local.browserTest(options, onError);","        };","","        // run test-server","        local.testRunServer(local);","        break;","    }","}());",""],"l":{"12":2,"14":2,"19":2,"21":2,"23":2,"24":2,"25":2,"30":1,"37":2,"40":2,"43":1,"47":1,"50":1,"52":1,"55":2,"61":2,"62":2,"64":2,"70":1,"76":1,"82":2,"83":2,"85":2,"91":1,"98":1,"102":1,"105":1,"112":1,"119":1,"120":1,"123":1,"130":1,"131":1,"132":1,"133":1,"134":1,"135":1,"138":1,"143":2,"144":2,"147":1,"154":2,"155":2,"158":1,"165":2,"166":2,"169":1,"176":2,"177":2,"180":1,"187":1,"188":1,"192":1,"193":1}},"/home/travis/build/npmtest/node-npmtest-hapi-ending/lib.npmtest_hapi_ending.js":{"path":"/home/travis/build/npmtest/node-npmtest-hapi-ending/lib.npmtest_hapi_ending.js","s":{"1":2,"2":2,"3":2,"4":2,"5":2,"6":2,"7":2,"8":1,"9":2,"10":2,"11":2,"12":2,"13":1,"14":1,"15":1,"16":1},"b":{"1":[2,1,1,1],"2":[1,1,1,1],"3":[1,1],"4":[2,2],"5":[1,1]},"f":{"1":2,"2":2,"3":2},"fnMap":{"1":{"name":"(anonymous_1)","line":12,"loc":{"start":{"line":12,"column":1},"end":{"line":12,"column":13}}},"2":{"name":"(anonymous_2)","line":19,"loc":{"start":{"line":19,"column":5},"end":{"line":19,"column":17}}},"3":{"name":"(anonymous_3)","line":23,"loc":{"start":{"line":23,"column":24},"end":{"line":23,"column":36}}}},"statementMap":{"1":{"start":{"line":12,"column":0},"end":{"line":53,"column":5}},"2":{"start":{"line":14,"column":4},"end":{"line":14,"column":14}},"3":{"start":{"line":19,"column":4},"end":{"line":52,"column":9}},"4":{"start":{"line":21,"column":8},"end":{"line":21,"column":19}},"5":{"start":{"line":23,"column":8},"end":{"line":35,"column":13}},"6":{"start":{"line":24,"column":12},"end":{"line":34,"column":13}},"7":{"start":{"line":25,"column":16},"end":{"line":28,"column":30}},"8":{"start":{"line":30,"column":16},"end":{"line":33,"column":27}},"9":{"start":{"line":37,"column":8},"end":{"line":39,"column":21}},"10":{"start":{"line":41,"column":8},"end":{"line":41,"column":54}},"11":{"start":{"line":43,"column":8},"end":{"line":43,"column":56}},"12":{"start":{"line":45,"column":8},"end":{"line":51,"column":9}},"13":{"start":{"line":46,"column":12},"end":{"line":46,"column":62}},"14":{"start":{"line":48,"column":12},"end":{"line":48,"column":35}},"15":{"start":{"line":49,"column":12},"end":{"line":49,"column":49}},"16":{"start":{"line":50,"column":12},"end":{"line":50,"column":43}}},"branchMap":{"1":{"line":25,"type":"binary-expr","locations":[{"start":{"line":25,"column":23},"end":{"line":25,"column":62}},{"start":{"line":26,"column":20},"end":{"line":26,"column":70}},{"start":{"line":27,"column":20},"end":{"line":27,"column":71}},{"start":{"line":28,"column":20},"end":{"line":28,"column":29}}]},"2":{"line":30,"type":"binary-expr","locations":[{"start":{"line":30,"column":23},"end":{"line":30,"column":37}},{"start":{"line":31,"column":20},"end":{"line":31,"column":61}},{"start":{"line":32,"column":20},"end":{"line":32,"column":70}},{"start":{"line":33,"column":20},"end":{"line":33,"column":26}}]},"3":{"line":37,"type":"cond-expr","locations":[{"start":{"line":38,"column":14},"end":{"line":38,"column":20}},{"start":{"line":39,"column":14},"end":{"line":39,"column":20}}]},"4":{"line":41,"type":"binary-expr","locations":[{"start":{"line":41,"column":16},"end":{"line":41,"column":44}},{"start":{"line":41,"column":48},"end":{"line":41,"column":53}}]},"5":{"line":45,"type":"if","locations":[{"start":{"line":45,"column":8},"end":{"line":45,"column":8}},{"start":{"line":45,"column":8},"end":{"line":45,"column":8}}]}},"code":["/* istanbul instrument in package npmtest_hapi_ending */","/*jslint","    bitwise: true,","    browser: true,","    maxerr: 8,","    maxlen: 96,","    node: true,","    nomen: true,","    regexp: true,","    stupid: true","*/","(function () {","    'use strict';","    var local;","","","","    // run shared js-env code - pre-init","    (function () {","        // init local","        local = {};","        // init modeJs","        local.modeJs = (function () {","            try {","                return typeof navigator.userAgent === 'string' &&","                    typeof document.querySelector('body') === 'object' &&","                    typeof XMLHttpRequest.prototype.open === 'function' &&","                    'browser';","            } catch (errorCaughtBrowser) {","                return module.exports &&","                    typeof process.versions.node === 'string' &&","                    typeof require('http').createServer === 'function' &&","                    'node';","            }","        }());","        // init global","        local.global = local.modeJs === 'browser'","            ? window","            : global;","        // init utility2_rollup","        local = local.global.utility2_rollup || local;","        // init lib","        local.local = local.npmtest_hapi_ending = local;","        // init exports","        if (local.modeJs === 'browser') {","            local.global.utility2_npmtest_hapi_ending = local;","        } else {","            module.exports = local;","            module.exports.__dirname = __dirname;","            module.exports.module = module;","        }","    }());","}());",""],"l":{"12":2,"14":2,"19":2,"21":2,"23":2,"24":2,"25":2,"30":1,"37":2,"41":2,"43":2,"45":2,"46":1,"48":1,"49":1,"50":1}},"/home/travis/build/npmtest/node-npmtest-hapi-ending/example.js":{"path":"/home/travis/build/npmtest/node-npmtest-hapi-ending/example.js","s":{"1":2,"2":2,"3":2,"4":2,"5":2,"6":2,"7":2,"8":1,"9":2,"10":2,"11":2,"12":2,"13":1,"14":2,"15":2,"16":2,"17":2,"18":2,"19":0,"20":2,"21":1,"22":1,"23":1,"24":1,"25":1,"26":0,"27":0,"28":1,"29":1,"30":2,"31":0,"32":0,"33":0,"34":1,"35":2,"36":2,"37":3,"38":3,"39":3,"40":3,"41":0,"42":3,"43":3,"44":3,"45":1,"46":3,"47":1,"48":1,"49":1,"50":1,"51":1,"52":1,"53":1,"54":1,"55":1,"56":1,"57":0,"58":1,"59":6,"60":6,"61":1,"62":2,"63":0,"64":2,"65":1,"66":1,"67":0,"68":0,"69":0,"70":0,"71":0,"72":0,"73":0,"74":0,"75":0,"76":0,"77":0,"78":0,"79":0,"80":0,"81":0,"82":0,"83":0},"b":{"1":[2,1,1,1],"2":[1,1,1,1],"3":[1,1],"4":[2,2],"5":[1,1],"6":[1,1],"7":[2,0],"8":[2,1,1,1,1,1],"9":[0,2,0],"10":[1,1],"11":[2,1,1],"12":[1,0],"13":[0,2],"14":[2,0,0,0,0,0,0],"15":[0,3],"16":[3,0],"17":[1,1],"18":[0,1],"19":[1,2,0,2],"20":[1,0],"21":[1,1],"22":[0,0],"23":[0,0],"24":[0,0],"25":[0,0],"26":[0,0],"27":[0,0],"28":[0,0]},"f":{"1":2,"2":2,"3":2,"4":2,"5":2,"6":2,"7":3,"8":3,"9":3,"10":1,"11":6,"12":0},"fnMap":{"1":{"name":"(anonymous_1)","line":26,"loc":{"start":{"line":26,"column":1},"end":{"line":26,"column":13}}},"2":{"name":"(anonymous_2)","line":33,"loc":{"start":{"line":33,"column":5},"end":{"line":33,"column":17}}},"3":{"name":"(anonymous_3)","line":37,"loc":{"start":{"line":37,"column":24},"end":{"line":37,"column":36}}},"4":{"name":"(anonymous_4)","line":69,"loc":{"start":{"line":69,"column":31},"end":{"line":69,"column":48}},"skip":true},"5":{"name":"(anonymous_5)","line":78,"loc":{"start":{"line":78,"column":26},"end":{"line":78,"column":45}},"skip":true},"6":{"name":"(anonymous_6)","line":123,"loc":{"start":{"line":123,"column":33},"end":{"line":123,"column":48}},"skip":true},"7":{"name":"(anonymous_7)","line":125,"loc":{"start":{"line":125,"column":27},"end":{"line":125,"column":39}},"skip":true},"8":{"name":"(anonymous_8)","line":133,"loc":{"start":{"line":133,"column":59},"end":{"line":133,"column":74}},"skip":true},"9":{"name":"(anonymous_9)","line":143,"loc":{"start":{"line":143,"column":45},"end":{"line":143,"column":62}},"skip":true},"10":{"name":"(anonymous_10)","line":144,"loc":{"start":{"line":144,"column":73},"end":{"line":144,"column":92}},"skip":true},"11":{"name":"(anonymous_11)","line":272,"loc":{"start":{"line":272,"column":51},"end":{"line":272,"column":77}},"skip":true},"12":{"name":"(anonymous_12)","line":315,"loc":{"start":{"line":315,"column":32},"end":{"line":315,"column":61}},"skip":true}},"statementMap":{"1":{"start":{"line":26,"column":0},"end":{"line":326,"column":5}},"2":{"start":{"line":28,"column":4},"end":{"line":28,"column":14}},"3":{"start":{"line":33,"column":4},"end":{"line":60,"column":9}},"4":{"start":{"line":35,"column":8},"end":{"line":35,"column":19}},"5":{"start":{"line":37,"column":8},"end":{"line":49,"column":13}},"6":{"start":{"line":38,"column":12},"end":{"line":48,"column":13}},"7":{"start":{"line":39,"column":16},"end":{"line":42,"column":30}},"8":{"start":{"line":44,"column":16},"end":{"line":47,"column":27}},"9":{"start":{"line":51,"column":8},"end":{"line":53,"column":21}},"10":{"start":{"line":55,"column":8},"end":{"line":57,"column":45}},"11":{"start":{"line":59,"column":8},"end":{"line":59,"column":35}},"12":{"start":{"line":61,"column":4},"end":{"line":325,"column":5}},"13":{"start":{"line":69,"column":8},"end":{"line":121,"column":10},"skip":true},"14":{"start":{"line":70,"column":12},"end":{"line":88,"column":13},"skip":true},"15":{"start":{"line":76,"column":16},"end":{"line":87,"column":19},"skip":true},"16":{"start":{"line":79,"column":20},"end":{"line":86,"column":21},"skip":true},"17":{"start":{"line":82,"column":24},"end":{"line":82,"column":43},"skip":true},"18":{"start":{"line":83,"column":24},"end":{"line":83,"column":30},"skip":true},"19":{"start":{"line":85,"column":24},"end":{"line":85,"column":49},"skip":true},"20":{"start":{"line":89,"column":12},"end":{"line":107,"column":13},"skip":true},"21":{"start":{"line":92,"column":16},"end":{"line":102,"column":17},"skip":true},"22":{"start":{"line":93,"column":20},"end":{"line":93,"column":86},"skip":true},"23":{"start":{"line":94,"column":20},"end":{"line":95,"column":45},"skip":true},"24":{"start":{"line":96,"column":20},"end":{"line":96,"column":42},"skip":true},"25":{"start":{"line":97,"column":20},"end":{"line":97,"column":48},"skip":true},"26":{"start":{"line":100,"column":20},"end":{"line":100,"column":85},"skip":true},"27":{"start":{"line":101,"column":20},"end":{"line":101,"column":96},"skip":true},"28":{"start":{"line":103,"column":16},"end":{"line":103,"column":22},"skip":true},"29":{"start":{"line":106,"column":16},"end":{"line":106,"column":22},"skip":true},"30":{"start":{"line":108,"column":12},"end":{"line":120,"column":13},"skip":true},"31":{"start":{"line":114,"column":16},"end":{"line":119,"column":17},"skip":true},"32":{"start":{"line":116,"column":20},"end":{"line":116,"column":78},"skip":true},"33":{"start":{"line":118,"column":20},"end":{"line":118,"column":47},"skip":true},"34":{"start":{"line":123,"column":8},"end":{"line":141,"column":11},"skip":true},"35":{"start":{"line":124,"column":12},"end":{"line":124,"column":54},"skip":true},"36":{"start":{"line":125,"column":12},"end":{"line":140,"column":14},"skip":true},"37":{"start":{"line":126,"column":16},"end":{"line":126,"column":28},"skip":true},"38":{"start":{"line":127,"column":16},"end":{"line":127,"column":69},"skip":true},"39":{"start":{"line":128,"column":16},"end":{"line":128,"column":75},"skip":true},"40":{"start":{"line":129,"column":16},"end":{"line":131,"column":17},"skip":true},"41":{"start":{"line":130,"column":20},"end":{"line":130,"column":27},"skip":true},"42":{"start":{"line":133,"column":16},"end":{"line":137,"column":36},"skip":true},"43":{"start":{"line":134,"column":20},"end":{"line":136,"column":55},"skip":true},"44":{"start":{"line":139,"column":16},"end":{"line":139,"column":57},"skip":true},"45":{"start":{"line":143,"column":8},"end":{"line":147,"column":11},"skip":true},"46":{"start":{"line":144,"column":12},"end":{"line":146,"column":15},"skip":true},"47":{"start":{"line":145,"column":16},"end":{"line":145,"column":70},"skip":true},"48":{"start":{"line":149,"column":8},"end":{"line":149,"column":31},"skip":true},"49":{"start":{"line":150,"column":8},"end":{"line":150,"column":14},"skip":true},"50":{"start":{"line":158,"column":8},"end":{"line":158,"column":31},"skip":true},"51":{"start":{"line":160,"column":8},"end":{"line":160,"column":33},"skip":true},"52":{"start":{"line":161,"column":8},"end":{"line":161,"column":37},"skip":true},"53":{"start":{"line":162,"column":8},"end":{"line":162,"column":35},"skip":true},"54":{"start":{"line":164,"column":8},"end":{"line":164,"column":50},"skip":true},"55":{"start":{"line":166,"column":8},"end":{"line":256,"column":2},"skip":true},"56":{"start":{"line":258,"column":8},"end":{"line":286,"column":9},"skip":true},"57":{"start":{"line":259,"column":12},"end":{"line":269,"column":14},"skip":true},"58":{"start":{"line":271,"column":12},"end":{"line":285,"column":19},"skip":true},"59":{"start":{"line":274,"column":20},"end":{"line":274,"column":35},"skip":true},"60":{"start":{"line":275,"column":20},"end":{"line":284,"column":21},"skip":true},"61":{"start":{"line":277,"column":24},"end":{"line":277,"column":64},"skip":true},"62":{"start":{"line":279,"column":24},"end":{"line":279,"column":40},"skip":true},"63":{"start":{"line":281,"column":24},"end":{"line":281,"column":40},"skip":true},"64":{"start":{"line":283,"column":24},"end":{"line":283,"column":39},"skip":true},"65":{"start":{"line":288,"column":8},"end":{"line":290,"column":9},"skip":true},"66":{"start":{"line":289,"column":12},"end":{"line":289,"column":18},"skip":true},"67":{"start":{"line":291,"column":8},"end":{"line":293,"column":54},"skip":true},"68":{"start":{"line":296,"column":8},"end":{"line":301,"column":37},"skip":true},"69":{"start":{"line":303,"column":8},"end":{"line":303,"column":82},"skip":true},"70":{"start":{"line":306,"column":8},"end":{"line":308,"column":9},"skip":true},"71":{"start":{"line":307,"column":12},"end":{"line":307,"column":82},"skip":true},"72":{"start":{"line":310,"column":8},"end":{"line":312,"column":9},"skip":true},"73":{"start":{"line":311,"column":12},"end":{"line":311,"column":18},"skip":true},"74":{"start":{"line":313,"column":8},"end":{"line":313,"column":54},"skip":true},"75":{"start":{"line":314,"column":8},"end":{"line":314,"column":69},"skip":true},"76":{"start":{"line":315,"column":8},"end":{"line":323,"column":36},"skip":true},"77":{"start":{"line":316,"column":12},"end":{"line":316,"column":61},"skip":true},"78":{"start":{"line":317,"column":12},"end":{"line":320,"column":13},"skip":true},"79":{"start":{"line":318,"column":16},"end":{"line":318,"column":75},"skip":true},"80":{"start":{"line":319,"column":16},"end":{"line":319,"column":23},"skip":true},"81":{"start":{"line":321,"column":12},"end":{"line":321,"column":38},"skip":true},"82":{"start":{"line":322,"column":12},"end":{"line":322,"column":27},"skip":true},"83":{"start":{"line":324,"column":8},"end":{"line":324,"column":14},"skip":true}},"branchMap":{"1":{"line":39,"type":"binary-expr","locations":[{"start":{"line":39,"column":23},"end":{"line":39,"column":62}},{"start":{"line":40,"column":20},"end":{"line":40,"column":70}},{"start":{"line":41,"column":20},"end":{"line":41,"column":71}},{"start":{"line":42,"column":20},"end":{"line":42,"column":29}}]},"2":{"line":44,"type":"binary-expr","locations":[{"start":{"line":44,"column":23},"end":{"line":44,"column":37}},{"start":{"line":45,"column":20},"end":{"line":45,"column":61}},{"start":{"line":46,"column":20},"end":{"line":46,"column":70}},{"start":{"line":47,"column":20},"end":{"line":47,"column":26}}]},"3":{"line":51,"type":"cond-expr","locations":[{"start":{"line":52,"column":14},"end":{"line":52,"column":20}},{"start":{"line":53,"column":14},"end":{"line":53,"column":20}}]},"4":{"line":55,"type":"binary-expr","locations":[{"start":{"line":55,"column":16},"end":{"line":55,"column":44}},{"start":{"line":55,"column":49},"end":{"line":57,"column":43}}]},"5":{"line":55,"type":"cond-expr","locations":[{"start":{"line":56,"column":14},"end":{"line":56,"column":55}},{"start":{"line":57,"column":14},"end":{"line":57,"column":43}}]},"6":{"line":61,"type":"switch","locations":[{"start":{"line":68,"column":4},"end":{"line":150,"column":14},"skip":true},{"start":{"line":156,"column":4},"end":{"line":324,"column":14},"skip":true}]},"7":{"line":70,"type":"if","locations":[{"start":{"line":70,"column":12},"end":{"line":70,"column":12},"skip":true},{"start":{"line":70,"column":12},"end":{"line":70,"column":12},"skip":true}]},"8":{"line":70,"type":"binary-expr","locations":[{"start":{"line":70,"column":16},"end":{"line":70,"column":22},"skip":true},{"start":{"line":70,"column":27},"end":{"line":70,"column":32},"skip":true},{"start":{"line":71,"column":20},"end":{"line":71,"column":39},"skip":true},{"start":{"line":72,"column":20},"end":{"line":72,"column":49},"skip":true},{"start":{"line":73,"column":20},"end":{"line":73,"column":58},"skip":true},{"start":{"line":74,"column":20},"end":{"line":74,"column":69},"skip":true}]},"9":{"line":79,"type":"switch","locations":[{"start":{"line":80,"column":20},"end":{"line":80,"column":33},"skip":true},{"start":{"line":81,"column":20},"end":{"line":83,"column":30},"skip":true},{"start":{"line":84,"column":20},"end":{"line":85,"column":49},"skip":true}]},"10":{"line":89,"type":"switch","locations":[{"start":{"line":90,"column":12},"end":{"line":103,"column":22},"skip":true},{"start":{"line":105,"column":12},"end":{"line":106,"column":22},"skip":true}]},"11":{"line":89,"type":"binary-expr","locations":[{"start":{"line":89,"column":20},"end":{"line":89,"column":25},"skip":true},{"start":{"line":89,"column":29},"end":{"line":89,"column":48},"skip":true},{"start":{"line":89,"column":52},"end":{"line":89,"column":74},"skip":true}]},"12":{"line":92,"type":"if","locations":[{"start":{"line":92,"column":16},"end":{"line":92,"column":16},"skip":true},{"start":{"line":92,"column":16},"end":{"line":92,"column":16},"skip":true}]},"13":{"line":108,"type":"if","locations":[{"start":{"line":108,"column":12},"end":{"line":108,"column":12},"skip":true},{"start":{"line":108,"column":12},"end":{"line":108,"column":12},"skip":true}]},"14":{"line":108,"type":"binary-expr","locations":[{"start":{"line":108,"column":16},"end":{"line":108,"column":61},"skip":true},{"start":{"line":108,"column":66},"end":{"line":108,"column":72},"skip":true},{"start":{"line":108,"column":77},"end":{"line":108,"column":82},"skip":true},{"start":{"line":109,"column":20},"end":{"line":109,"column":39},"skip":true},{"start":{"line":110,"column":20},"end":{"line":110,"column":49},"skip":true},{"start":{"line":111,"column":20},"end":{"line":111,"column":58},"skip":true},{"start":{"line":112,"column":20},"end":{"line":112,"column":68},"skip":true}]},"15":{"line":129,"type":"if","locations":[{"start":{"line":129,"column":16},"end":{"line":129,"column":16},"skip":true},{"start":{"line":129,"column":16},"end":{"line":129,"column":16},"skip":true}]},"16":{"line":134,"type":"cond-expr","locations":[{"start":{"line":135,"column":26},"end":{"line":135,"column":29},"skip":true},{"start":{"line":136,"column":26},"end":{"line":136,"column":54},"skip":true}]},"17":{"line":164,"type":"binary-expr","locations":[{"start":{"line":164,"column":27},"end":{"line":164,"column":43},"skip":true},{"start":{"line":164,"column":47},"end":{"line":164,"column":49},"skip":true}]},"18":{"line":258,"type":"if","locations":[{"start":{"line":258,"column":8},"end":{"line":258,"column":8},"skip":true},{"start":{"line":258,"column":8},"end":{"line":258,"column":8},"skip":true}]},"19":{"line":275,"type":"switch","locations":[{"start":{"line":276,"column":20},"end":{"line":277,"column":64},"skip":true},{"start":{"line":278,"column":20},"end":{"line":279,"column":40},"skip":true},{"start":{"line":280,"column":20},"end":{"line":281,"column":40},"skip":true},{"start":{"line":282,"column":20},"end":{"line":283,"column":39},"skip":true}]},"20":{"line":288,"type":"if","locations":[{"start":{"line":288,"column":8},"end":{"line":288,"column":8},"skip":true},{"start":{"line":288,"column":8},"end":{"line":288,"column":8},"skip":true}]},"21":{"line":288,"type":"binary-expr","locations":[{"start":{"line":288,"column":12},"end":{"line":288,"column":40},"skip":true},{"start":{"line":288,"column":44},"end":{"line":288,"column":67},"skip":true}]},"22":{"line":292,"type":"binary-expr","locations":[{"start":{"line":292,"column":12},"end":{"line":292,"column":50},"skip":true},{"start":{"line":293,"column":12},"end":{"line":293,"column":53},"skip":true}]},"23":{"line":297,"type":"binary-expr","locations":[{"start":{"line":297,"column":12},"end":{"line":297,"column":69},"skip":true},{"start":{"line":298,"column":12},"end":{"line":301,"column":36},"skip":true}]},"24":{"line":303,"type":"binary-expr","locations":[{"start":{"line":303,"column":43},"end":{"line":303,"column":75},"skip":true},{"start":{"line":303,"column":79},"end":{"line":303,"column":81},"skip":true}]},"25":{"line":306,"type":"if","locations":[{"start":{"line":306,"column":8},"end":{"line":306,"column":8},"skip":true},{"start":{"line":306,"column":8},"end":{"line":306,"column":8},"skip":true}]},"26":{"line":310,"type":"if","locations":[{"start":{"line":310,"column":8},"end":{"line":310,"column":8},"skip":true},{"start":{"line":310,"column":8},"end":{"line":310,"column":8},"skip":true}]},"27":{"line":313,"type":"binary-expr","locations":[{"start":{"line":313,"column":27},"end":{"line":313,"column":43},"skip":true},{"start":{"line":313,"column":47},"end":{"line":313,"column":53},"skip":true}]},"28":{"line":317,"type":"if","locations":[{"start":{"line":317,"column":12},"end":{"line":317,"column":12},"skip":true},{"start":{"line":317,"column":12},"end":{"line":317,"column":12},"skip":true}]}},"code":["/*","example.js","","quickstart example","","instruction","    1. save this script as example.js","    2. run the shell command:","        $ npm install npmtest-hapi-ending && PORT=8081 node example.js","    3. play with the browser-demo on http://127.0.0.1:8081","*/","","","","/* istanbul instrument in package npmtest_hapi_ending */","/*jslint","    bitwise: true,","    browser: true,","    maxerr: 8,","    maxlen: 96,","    node: true,","    nomen: true,","    regexp: true,","    stupid: true","*/","(function () {","    'use strict';","    var local;","","","","    // run shared js-env code - pre-init","    (function () {","        // init local","        local = {};","        // init modeJs","        local.modeJs = (function () {","            try {","                return typeof navigator.userAgent === 'string' &&","                    typeof document.querySelector('body') === 'object' &&","                    typeof XMLHttpRequest.prototype.open === 'function' &&","                    'browser';","            } catch (errorCaughtBrowser) {","                return module.exports &&","                    typeof process.versions.node === 'string' &&","                    typeof require('http').createServer === 'function' &&","                    'node';","            }","        }());","        // init global","        local.global = local.modeJs === 'browser'","            ? window","            : global;","        // init utility2_rollup","        local = local.global.utility2_rollup || (local.modeJs === 'browser'","            ? local.global.utility2_npmtest_hapi_ending","            : global.utility2_moduleExports);","        // export local","        local.global.local = local;","    }());","    switch (local.modeJs) {","","","","    // post-init","    // run browser js-env code - post-init","    /* istanbul ignore next */","    case 'browser':","        local.testRunBrowser = function (event) {","            if (!event || (event &&","                    event.currentTarget &&","                    event.currentTarget.className &&","                    event.currentTarget.className.includes &&","                    event.currentTarget.className.includes('onreset'))) {","                // reset output","                Array.from(","                    document.querySelectorAll('body > .resettable')","                ).forEach(function (element) {","                    switch (element.tagName) {","                    case 'INPUT':","                    case 'TEXTAREA':","                        element.value = '';","                        break;","                    default:","                        element.textContent = '';","                    }","                });","            }","            switch (event && event.currentTarget && event.currentTarget.id) {","            case 'testRunButton1':","                // show tests","                if (document.querySelector('#testReportDiv1').style.display === 'none') {","                    document.querySelector('#testReportDiv1').style.display = 'block';","                    document.querySelector('#testRunButton1').textContent =","                        'hide internal test';","                    local.modeTest = true;","                    local.testRunDefault(local);","                // hide tests","                } else {","                    document.querySelector('#testReportDiv1').style.display = 'none';","                    document.querySelector('#testRunButton1').textContent = 'run internal test';","                }","                break;","            // custom-case","            default:","                break;","            }","            if (document.querySelector('#inputTextareaEval1') && (!event || (event &&","                    event.currentTarget &&","                    event.currentTarget.className &&","                    event.currentTarget.className.includes &&","                    event.currentTarget.className.includes('oneval')))) {","                // try to eval input-code","                try {","                    /*jslint evil: true*/","                    eval(document.querySelector('#inputTextareaEval1').value);","                } catch (errorCaught) {","                    console.error(errorCaught);","                }","            }","        };","        // log stderr and stdout to #outputTextareaStdout1","        ['error', 'log'].forEach(function (key) {","            console[key + '_original'] = console[key];","            console[key] = function () {","                var element;","                console[key + '_original'].apply(console, arguments);","                element = document.querySelector('#outputTextareaStdout1');","                if (!element) {","                    return;","                }","                // append text to #outputTextareaStdout1","                element.value += Array.from(arguments).map(function (arg) {","                    return typeof arg === 'string'","                        ? arg","                        : JSON.stringify(arg, null, 4);","                }).join(' ') + '\\n';","                // scroll textarea to bottom","                element.scrollTop = element.scrollHeight;","            };","        });","        // init event-handling","        ['change', 'click', 'keyup'].forEach(function (event) {","            Array.from(document.querySelectorAll('.on' + event)).forEach(function (element) {","                element.addEventListener(event, local.testRunBrowser);","            });","        });","        // run tests","        local.testRunBrowser();","        break;","","","","    // run node js-env code - post-init","    /* istanbul ignore next */","    case 'node':","        // export local","        module.exports = local;","        // require modules","        local.fs = require('fs');","        local.http = require('http');","        local.url = require('url');","        // init assets","        local.assetsDict = local.assetsDict || {};","        /* jslint-ignore-begin */","        local.assetsDict['/assets.index.template.html'] = '\\","<!doctype html>\\n\\","<html lang=\"en\">\\n\\","<head>\\n\\","<meta charset=\"UTF-8\">\\n\\","<meta name=\"viewport\" content=\"width=device-width, initial-scale=1\">\\n\\","<title>{{env.npm_package_name}} (v{{env.npm_package_version}})</title>\\n\\","<style>\\n\\","/*csslint\\n\\","    box-sizing: false,\\n\\","    universal-selector: false\\n\\","*/\\n\\","* {\\n\\","    box-sizing: border-box;\\n\\","}\\n\\","body {\\n\\","    background: #dde;\\n\\","    font-family: Arial, Helvetica, sans-serif;\\n\\","    margin: 2rem;\\n\\","}\\n\\","body > * {\\n\\","    margin-bottom: 1rem;\\n\\","}\\n\\",".utility2FooterDiv {\\n\\","    margin-top: 20px;\\n\\","    text-align: center;\\n\\","}\\n\\","</style>\\n\\","<style>\\n\\","/*csslint\\n\\","*/\\n\\","textarea {\\n\\","    font-family: monospace;\\n\\","    height: 10rem;\\n\\","    width: 100%;\\n\\","}\\n\\","textarea[readonly] {\\n\\","    background: #ddd;\\n\\","}\\n\\","</style>\\n\\","</head>\\n\\","<body>\\n\\","<!-- utility2-comment\\n\\","<div id=\"ajaxProgressDiv1\" style=\"background: #d00; height: 2px; left: 0; margin: 0; padding: 0; position: fixed; top: 0; transition: background 0.5s, width 1.5s; width: 25%;\"></div>\\n\\","utility2-comment -->\\n\\","<h1>\\n\\","<!-- utility2-comment\\n\\","    <a\\n\\","        {{#if env.npm_package_homepage}}\\n\\","        href=\"{{env.npm_package_homepage}}\"\\n\\","        {{/if env.npm_package_homepage}}\\n\\","        target=\"_blank\"\\n\\","    >\\n\\","utility2-comment -->\\n\\","        {{env.npm_package_name}} (v{{env.npm_package_version}})\\n\\","<!-- utility2-comment\\n\\","    </a>\\n\\","utility2-comment -->\\n\\","</h1>\\n\\","<h3>{{env.npm_package_description}}</h3>\\n\\","<!-- utility2-comment\\n\\","<h4><a download href=\"assets.app.js\">download standalone app</a></h4>\\n\\","<button class=\"onclick onreset\" id=\"testRunButton1\">run internal test</button><br>\\n\\","<div id=\"testReportDiv1\" style=\"display: none;\"></div>\\n\\","utility2-comment -->\\n\\","\\n\\","\\n\\","\\n\\","<label>stderr and stdout</label>\\n\\","<textarea class=\"resettable\" id=\"outputTextareaStdout1\" readonly></textarea>\\n\\","<!-- utility2-comment\\n\\","{{#if isRollup}}\\n\\","<script src=\"assets.app.js\"></script>\\n\\","{{#unless isRollup}}\\n\\","utility2-comment -->\\n\\","<script src=\"assets.utility2.rollup.js\"></script>\\n\\","<script src=\"jsonp.utility2._stateInit?callback=window.utility2._stateInit\"></script>\\n\\","<script src=\"assets.npmtest_hapi_ending.rollup.js\"></script>\\n\\","<script src=\"assets.example.js\"></script>\\n\\","<script src=\"assets.test.js\"></script>\\n\\","<!-- utility2-comment\\n\\","{{/if isRollup}}\\n\\","utility2-comment -->\\n\\","<div class=\"utility2FooterDiv\">\\n\\","    [ this app was created with\\n\\","    <a href=\"https://github.com/kaizhu256/node-utility2\" target=\"_blank\">utility2</a>\\n\\","    ]\\n\\","</div>\\n\\","</body>\\n\\","</html>\\n\\","';","        /* jslint-ignore-end */","        if (local.templateRender) {","            local.assetsDict['/'] = local.templateRender(","                local.assetsDict['/assets.index.template.html'],","                {","                    env: local.objectSetDefault(local.env, {","                        npm_package_description: 'the greatest app in the world!',","                        npm_package_name: 'my-app',","                        npm_package_nameAlias: 'my_app',","                        npm_package_version: '0.0.1'","                    })","                }","            );","        } else {","            local.assetsDict['/'] = local.assetsDict['/assets.index.template.html']","                .replace((/\\{\\{env\\.(\\w+?)\\}\\}/g), function (match0, match1) {","                    // jslint-hack","                    String(match0);","                    switch (match1) {","                    case 'npm_package_description':","                        return 'the greatest app in the world!';","                    case 'npm_package_name':","                        return 'my-app';","                    case 'npm_package_nameAlias':","                        return 'my_app';","                    case 'npm_package_version':","                        return '0.0.1';","                    }","                });","        }","        // run the cli","        if (local.global.utility2_rollup || module !== require.main) {","            break;","        }","        local.assetsDict['/assets.example.js'] =","            local.assetsDict['/assets.example.js'] ||","            local.fs.readFileSync(__filename, 'utf8');","        // bug-workaround - long $npm_package_buildCustomOrg","        /* jslint-ignore-begin */","        local.assetsDict['/assets.npmtest_hapi_ending.rollup.js'] =","            local.assetsDict['/assets.npmtest_hapi_ending.rollup.js'] ||","            local.fs.readFileSync(","                local.npmtest_hapi_ending.__dirname + '/lib.npmtest_hapi_ending.js',","                'utf8'","            ).replace((/^#!/), '//');","        /* jslint-ignore-end */","        local.assetsDict['/favicon.ico'] = local.assetsDict['/favicon.ico'] || '';","        // if $npm_config_timeout_exit exists,","        // then exit this process after $npm_config_timeout_exit ms","        if (Number(process.env.npm_config_timeout_exit)) {","            setTimeout(process.exit, Number(process.env.npm_config_timeout_exit));","        }","        // start server","        if (local.global.utility2_serverHttp1) {","            break;","        }","        process.env.PORT = process.env.PORT || '8081';","        console.error('server starting on port ' + process.env.PORT);","        local.http.createServer(function (request, response) {","            request.urlParsed = local.url.parse(request.url);","            if (local.assetsDict[request.urlParsed.pathname] !== undefined) {","                response.end(local.assetsDict[request.urlParsed.pathname]);","                return;","            }","            response.statusCode = 404;","            response.end();","        }).listen(process.env.PORT);","        break;","    }","}());",""],"l":{"26":2,"28":2,"33":2,"35":2,"37":2,"38":2,"39":2,"44":1,"51":2,"55":2,"59":2,"61":2,"69":1,"70":2,"76":2,"79":2,"82":2,"83":2,"85":1,"89":2,"92":1,"93":1,"94":1,"96":1,"97":1,"100":1,"101":1,"103":1,"106":1,"108":2,"114":1,"116":1,"118":1,"123":1,"124":2,"125":2,"126":3,"127":3,"128":3,"129":3,"130":1,"133":3,"134":3,"139":3,"143":1,"144":3,"145":1,"149":1,"150":1,"158":1,"160":1,"161":1,"162":1,"164":1,"166":1,"258":1,"259":1,"271":1,"274":6,"275":6,"277":1,"279":2,"281":1,"283":2,"288":1,"289":1,"291":1,"296":1,"303":1,"306":1,"307":1,"310":1,"311":1,"313":1,"314":1,"315":1,"316":1,"317":1,"318":1,"319":1,"321":1,"322":1,"324":1}},"/home/travis/build/npmtest/node-npmtest-hapi-ending/node_modules/hapi-ending/plugin.js":{"path":"/home/travis/build/npmtest/node-npmtest-hapi-ending/node_modules/hapi-ending/plugin.js","s":{"1":1,"2":1,"3":1,"4":1,"5":1,"6":0,"7":0,"8":0,"9":0,"10":0,"11":0,"12":0,"13":0,"14":1,"15":0,"16":0,"17":0,"18":0,"19":0,"20":0,"21":0,"22":0,"23":0,"24":1},"b":{"1":[0,0],"2":[0,0],"3":[0,0],"4":[0,0],"5":[0,0],"6":[0,0],"7":[0,0],"8":[0,0]},"f":{"1":0,"2":0,"3":0},"fnMap":{"1":{"name":"(anonymous_1)","line":9,"loc":{"start":{"line":9,"column":19},"end":{"line":9,"column":52}}},"2":{"name":"routing","line":36,"loc":{"start":{"line":36,"column":4},"end":{"line":36,"column":41}}},"3":{"name":"(anonymous_3)","line":76,"loc":{"start":{"line":76,"column":17},"end":{"line":76,"column":42}}}},"statementMap":{"1":{"start":{"line":3,"column":0},"end":{"line":3,"column":23}},"2":{"start":{"line":4,"column":0},"end":{"line":4,"column":27}},"3":{"start":{"line":5,"column":0},"end":{"line":5,"column":26}},"4":{"start":{"line":7,"column":0},"end":{"line":7,"column":54}},"5":{"start":{"line":9,"column":0},"end":{"line":84,"column":2}},"6":{"start":{"line":11,"column":4},"end":{"line":13,"column":5}},"7":{"start":{"line":12,"column":8},"end":{"line":12,"column":22}},"8":{"start":{"line":15,"column":4},"end":{"line":15,"column":43}},"9":{"start":{"line":17,"column":4},"end":{"line":24,"column":7}},"10":{"start":{"line":21,"column":8},"end":{"line":23,"column":9}},"11":{"start":{"line":22,"column":12},"end":{"line":22,"column":57}},"12":{"start":{"line":26,"column":4},"end":{"line":32,"column":6}},"13":{"start":{"line":34,"column":4},"end":{"line":34,"column":24}},"14":{"start":{"line":36,"column":4},"end":{"line":48,"column":5}},"15":{"start":{"line":38,"column":8},"end":{"line":39,"column":56}},"16":{"start":{"line":41,"column":8},"end":{"line":47,"column":11}},"17":{"start":{"line":50,"column":4},"end":{"line":50,"column":136}},"18":{"start":{"line":50,"column":61},"end":{"line":50,"column":78}},"19":{"start":{"line":52,"column":4},"end":{"line":66,"column":7}},"20":{"start":{"line":68,"column":4},"end":{"line":81,"column":7}},"21":{"start":{"line":77,"column":10},"end":{"line":79,"column":13}},"22":{"start":{"line":78,"column":12},"end":{"line":78,"column":45}},"23":{"start":{"line":83,"column":4},"end":{"line":83,"column":11}},"24":{"start":{"line":86,"column":0},"end":{"line":88,"column":2}}},"branchMap":{"1":{"line":11,"type":"if","locations":[{"start":{"line":11,"column":4},"end":{"line":11,"column":4}},{"start":{"line":11,"column":4},"end":{"line":11,"column":4}}]},"2":{"line":21,"type":"if","locations":[{"start":{"line":21,"column":8},"end":{"line":21,"column":8}},{"start":{"line":21,"column":8},"end":{"line":21,"column":8}}]},"3":{"line":38,"type":"binary-expr","locations":[{"start":{"line":38,"column":25},"end":{"line":38,"column":43}},{"start":{"line":38,"column":47},"end":{"line":38,"column":55}}]},"4":{"line":45,"type":"binary-expr","locations":[{"start":{"line":45,"column":19},"end":{"line":45,"column":34}},{"start":{"line":45,"column":38},"end":{"line":45,"column":72}}]},"5":{"line":46,"type":"binary-expr","locations":[{"start":{"line":46,"column":28},"end":{"line":46,"column":40}},{"start":{"line":46,"column":44},"end":{"line":46,"column":46}}]},"6":{"line":54,"type":"binary-expr","locations":[{"start":{"line":54,"column":17},"end":{"line":54,"column":29}},{"start":{"line":54,"column":33},"end":{"line":54,"column":35}}]},"7":{"line":54,"type":"binary-expr","locations":[{"start":{"line":54,"column":39},"end":{"line":54,"column":57}},{"start":{"line":54,"column":61},"end":{"line":54,"column":69}}]},"8":{"line":70,"type":"binary-expr","locations":[{"start":{"line":70,"column":14},"end":{"line":70,"column":26}},{"start":{"line":70,"column":30},"end":{"line":70,"column":33}}]}},"code":["'use strict';","","var sf = require('sf');","var Path = require('path');","var _ = require('lodash');","","let routeFlattener = require('./src/route-flattener');","","exports.register = function (plugin, options, next) {","","    if (!options.enabled) {","        return next();","    }","","    plugin.path(Path.join(__dirname, '.'));","","    plugin.register([","      require('vision'),","      require('inert')","    ], (err) => {","        if (err) {","            console.error('Failed to load plugin:', err);","        }","    });","","    var views = {","        engines: {","            handlebars: require('handlebars')","        },","        path: './src/views',","        helpersPath: './src/helpers'","    };","","    plugin.views(views);","","    function routing(svr, options, next) {","","        let assetsPath = options.assetsPath || 'assets',","            allRoutes = routeFlattener.fetchRoutes(svr);","","        return next(null, {","          routes: routeFlattener.flatten(allRoutes),","          baseUrl: options.baseUrl,","          assetsPath,","          logoUrl: options.logoUrl || `/${assetsPath}/img/hapi-logo.svg`,","          documentationUrl: options.path || ''","        });","    }","","    plugin.method('routing', routing, { generateKey: () => { return 'routing' }, cache: { expiresIn: 60000, generateTimeout: 30000 } });","","    plugin.route({","        method: 'GET',","        path: `${options.path || ''}/${options.assetsPath || 'assets'}/{param*}`,","        config: {","          auth: false,","          description: \"Asset delivery url for hapi-ending plugin\",","          tags: ['metadata', 'private', 'api', 'assets']","        },","        handler: {","            directory: {","                path: './src/public',","                listing: true","            }","        }","    });","","    plugin.route({","        method: 'GET',","        path: options.path || '/',","        config: {","            auth: false,","            description: \"Describes endpoints in your application\",","            tags: ['metadata', 'private', 'api']","        },","        handler: function(request, reply) {","          request.server.methods.routing(request.server, options, (err, model) => {","            return reply.view('root', model);","          });","        }","    });","","    next();","};","","exports.register.attributes = {","  pkg: require('./package.json')","};",""],"l":{"3":1,"4":1,"5":1,"7":1,"9":1,"11":0,"12":0,"15":0,"17":0,"21":0,"22":0,"26":0,"34":0,"36":1,"38":0,"41":0,"50":0,"52":0,"68":0,"77":0,"78":0,"83":0,"86":1}},"/home/travis/build/npmtest/node-npmtest-hapi-ending/node_modules/hapi-ending/src/route-flattener.js":{"path":"/home/travis/build/npmtest/node-npmtest-hapi-ending/node_modules/hapi-ending/src/route-flattener.js","s":{"1":1,"2":1,"3":0,"4":0,"5":0,"6":0,"7":0,"8":0,"9":0,"10":0,"11":0,"12":0,"13":0,"14":0,"15":0,"16":0,"17":0,"18":0,"19":0,"20":0,"21":0,"22":0,"23":0,"24":0,"25":0,"26":0,"27":0,"28":0,"29":0,"30":0,"31":0,"32":0,"33":0,"34":0,"35":0,"36":0,"37":0,"38":0,"39":0,"40":0,"41":0,"42":0,"43":0,"44":0,"45":0,"46":0,"47":0,"48":0,"49":0,"50":0,"51":0,"52":0,"53":0,"54":0,"55":0,"56":0,"57":0,"58":0,"59":0,"60":1},"b":{"1":[0,0],"2":[0,0,0],"3":[0,0],"4":[0,0],"5":[0,0],"6":[0,0],"7":[0,0],"8":[0,0],"9":[0,0],"10":[0,0],"11":[0,0],"12":[0,0],"13":[0,0],"14":[0,0],"15":[0,0]},"f":{"1":1,"2":0,"3":0,"4":0,"5":0,"6":0,"7":0,"8":0,"9":0},"fnMap":{"1":{"name":"(anonymous_1)","line":7,"loc":{"start":{"line":7,"column":13},"end":{"line":7,"column":16}}},"2":{"name":"(anonymous_2)","line":20,"loc":{"start":{"line":20,"column":14},"end":{"line":20,"column":22}}},"3":{"name":"(anonymous_3)","line":79,"loc":{"start":{"line":79,"column":14},"end":{"line":79,"column":22}}},"4":{"name":"(anonymous_4)","line":87,"loc":{"start":{"line":87,"column":10},"end":{"line":87,"column":23}}},"5":{"name":"(anonymous_5)","line":91,"loc":{"start":{"line":91,"column":13},"end":{"line":91,"column":19}}},"6":{"name":"(anonymous_6)","line":98,"loc":{"start":{"line":98,"column":19},"end":{"line":98,"column":49}}},"7":{"name":"(anonymous_7)","line":129,"loc":{"start":{"line":129,"column":11},"end":{"line":129,"column":19}}},"8":{"name":"(anonymous_8)","line":133,"loc":{"start":{"line":133,"column":9},"end":{"line":133,"column":17}}},"9":{"name":"(anonymous_9)","line":156,"loc":{"start":{"line":156,"column":13},"end":{"line":156,"column":22}}}},"statementMap":{"1":{"start":{"line":3,"column":0},"end":{"line":3,"column":32}},"2":{"start":{"line":9,"column":4},"end":{"line":16,"column":5}},"3":{"start":{"line":22,"column":4},"end":{"line":27,"column":6}},"4":{"start":{"line":29,"column":4},"end":{"line":33,"column":5}},"5":{"start":{"line":35,"column":4},"end":{"line":73,"column":5}},"6":{"start":{"line":37,"column":6},"end":{"line":71,"column":7}},"7":{"start":{"line":38,"column":8},"end":{"line":41,"column":10}},"8":{"start":{"line":43,"column":8},"end":{"line":43,"column":140}},"9":{"start":{"line":45,"column":8},"end":{"line":46,"column":20}},"10":{"start":{"line":48,"column":8},"end":{"line":67,"column":9}},"11":{"start":{"line":50,"column":12},"end":{"line":52,"column":25}},"12":{"start":{"line":51,"column":14},"end":{"line":51,"column":59}},"13":{"start":{"line":53,"column":12},"end":{"line":53,"column":18}},"14":{"start":{"line":55,"column":12},"end":{"line":55,"column":29}},"15":{"start":{"line":56,"column":12},"end":{"line":58,"column":13}},"16":{"start":{"line":57,"column":14},"end":{"line":57,"column":55}},"17":{"start":{"line":59,"column":12},"end":{"line":59,"column":42}},"18":{"start":{"line":60,"column":12},"end":{"line":60,"column":18}},"19":{"start":{"line":62,"column":12},"end":{"line":62,"column":33}},"20":{"start":{"line":63,"column":12},"end":{"line":65,"column":13}},"21":{"start":{"line":64,"column":14},"end":{"line":64,"column":80}},"22":{"start":{"line":66,"column":12},"end":{"line":66,"column":18}},"23":{"start":{"line":69,"column":8},"end":{"line":69,"column":62}},"24":{"start":{"line":75,"column":4},"end":{"line":75,"column":20}},"25":{"start":{"line":80,"column":4},"end":{"line":80,"column":21}},"26":{"start":{"line":81,"column":4},"end":{"line":83,"column":5}},"27":{"start":{"line":82,"column":6},"end":{"line":82,"column":47}},"28":{"start":{"line":84,"column":4},"end":{"line":84,"column":19}},"29":{"start":{"line":88,"column":4},"end":{"line":88,"column":104}},"30":{"start":{"line":92,"column":4},"end":{"line":94,"column":5}},"31":{"start":{"line":93,"column":6},"end":{"line":93,"column":18}},"32":{"start":{"line":95,"column":4},"end":{"line":95,"column":45}},"33":{"start":{"line":100,"column":4},"end":{"line":100,"column":48}},"34":{"start":{"line":100,"column":39},"end":{"line":100,"column":46}},"35":{"start":{"line":102,"column":4},"end":{"line":125,"column":5}},"36":{"start":{"line":104,"column":6},"end":{"line":107,"column":50}},"37":{"start":{"line":109,"column":6},"end":{"line":109,"column":29}},"38":{"start":{"line":111,"column":6},"end":{"line":113,"column":7}},"39":{"start":{"line":112,"column":8},"end":{"line":112,"column":40}},"40":{"start":{"line":115,"column":6},"end":{"line":117,"column":7}},"41":{"start":{"line":116,"column":8},"end":{"line":116,"column":46}},"42":{"start":{"line":119,"column":6},"end":{"line":123,"column":7}},"43":{"start":{"line":120,"column":8},"end":{"line":120,"column":74}},"44":{"start":{"line":122,"column":8},"end":{"line":122,"column":65}},"45":{"start":{"line":130,"column":4},"end":{"line":130,"column":41}},"46":{"start":{"line":135,"column":4},"end":{"line":135,"column":21}},"47":{"start":{"line":137,"column":4},"end":{"line":150,"column":5}},"48":{"start":{"line":139,"column":6},"end":{"line":139,"column":32}},"49":{"start":{"line":140,"column":6},"end":{"line":148,"column":7}},"50":{"start":{"line":141,"column":8},"end":{"line":141,"column":52}},"51":{"start":{"line":142,"column":8},"end":{"line":146,"column":9}},"52":{"start":{"line":143,"column":10},"end":{"line":143,"column":65}},"53":{"start":{"line":145,"column":10},"end":{"line":145,"column":36}},"54":{"start":{"line":147,"column":8},"end":{"line":147,"column":131}},"55":{"start":{"line":152,"column":4},"end":{"line":152,"column":19}},"56":{"start":{"line":158,"column":4},"end":{"line":158,"column":20}},"57":{"start":{"line":160,"column":4},"end":{"line":162,"column":5}},"58":{"start":{"line":161,"column":6},"end":{"line":161,"column":42}},"59":{"start":{"line":164,"column":4},"end":{"line":164,"column":18}},"60":{"start":{"line":170,"column":0},"end":{"line":170,"column":38}}},"branchMap":{"1":{"line":37,"type":"if","locations":[{"start":{"line":37,"column":6},"end":{"line":37,"column":6}},{"start":{"line":37,"column":6},"end":{"line":37,"column":6}}]},"2":{"line":48,"type":"switch","locations":[{"start":{"line":49,"column":10},"end":{"line":53,"column":18}},{"start":{"line":54,"column":10},"end":{"line":60,"column":18}},{"start":{"line":61,"column":10},"end":{"line":66,"column":18}}]},"3":{"line":88,"type":"cond-expr","locations":[{"start":{"line":88,"column":63},"end":{"line":88,"column":82}},{"start":{"line":88,"column":85},"end":{"line":88,"column":103}}]},"4":{"line":88,"type":"binary-expr","locations":[{"start":{"line":88,"column":12},"end":{"line":88,"column":28}},{"start":{"line":88,"column":32},"end":{"line":88,"column":59}}]},"5":{"line":92,"type":"if","locations":[{"start":{"line":92,"column":4},"end":{"line":92,"column":4}},{"start":{"line":92,"column":4},"end":{"line":92,"column":4}}]},"6":{"line":100,"type":"if","locations":[{"start":{"line":100,"column":4},"end":{"line":100,"column":4}},{"start":{"line":100,"column":4},"end":{"line":100,"column":4}}]},"7":{"line":104,"type":"cond-expr","locations":[{"start":{"line":104,"column":31},"end":{"line":104,"column":44}},{"start":{"line":104,"column":47},"end":{"line":104,"column":49}}]},"8":{"line":111,"type":"if","locations":[{"start":{"line":111,"column":6},"end":{"line":111,"column":6}},{"start":{"line":111,"column":6},"end":{"line":111,"column":6}}]},"9":{"line":115,"type":"if","locations":[{"start":{"line":115,"column":6},"end":{"line":115,"column":6}},{"start":{"line":115,"column":6},"end":{"line":115,"column":6}}]},"10":{"line":119,"type":"if","locations":[{"start":{"line":119,"column":6},"end":{"line":119,"column":6}},{"start":{"line":119,"column":6},"end":{"line":119,"column":6}}]},"11":{"line":122,"type":"binary-expr","locations":[{"start":{"line":122,"column":30},"end":{"line":122,"column":49}},{"start":{"line":122,"column":53},"end":{"line":122,"column":64}}]},"12":{"line":140,"type":"if","locations":[{"start":{"line":140,"column":6},"end":{"line":140,"column":6}},{"start":{"line":140,"column":6},"end":{"line":140,"column":6}}]},"13":{"line":140,"type":"binary-expr","locations":[{"start":{"line":140,"column":10},"end":{"line":140,"column":28}},{"start":{"line":140,"column":32},"end":{"line":140,"column":75}}]},"14":{"line":141,"type":"binary-expr","locations":[{"start":{"line":141,"column":28},"end":{"line":141,"column":45}},{"start":{"line":141,"column":49},"end":{"line":141,"column":51}}]},"15":{"line":147,"type":"binary-expr","locations":[{"start":{"line":147,"column":58},"end":{"line":147,"column":105}},{"start":{"line":147,"column":109},"end":{"line":147,"column":130}}]}},"code":["'use strict';","","let dot = require('dot-object');","","class RouteFlattener {","","  constructor() {","","    this.examples = {","      string: 'qux',","      number: 123,","      array: ['foo', 'bar', 'baz'],","      object: {foo: 'bar'},","      boolean: true,","      date: new Date().toISOString()","    }","","  }","","  flattenEntry(entry) {","","    let endpoint = {","      tags: entry.settings.tags,","      description: entry.settings.description,","      notes: entry.settings.notes,","      validation: {}","    };","","    let validationTypes = {","      query: 'Query String',","      params: 'URI Components',","      payload: 'JSON Payload'","    }","","    for (let validationType of Object.keys(validationTypes)) {","","      if (entry.settings.validate[validationType]) {","        endpoint.validation[validationType] = {","          humanName: validationTypes[validationType],","          elements: {}","        };","","        this.recursivelyAbsorb(entry.settings.validate[validationType]._inner.children, null, endpoint.validation[validationType].elements);","","        let items = endpoint.validation[validationType].elements,","            example;","","        switch (validationType) {","          case 'query':","            example = Object.keys(items).map((key) => {","              return `${key}=${this._example(items, key)}`;","            }).join('&');","            break;","          case 'payload':","            let mapping = {};","            for (let key of Object.keys(items)) {","              mapping[key] = this._example(items, key);","            }","            example = dot.object(mapping);","            break;","          case 'params':","            example = entry.path;","            for (let key of Object.keys(items)) {","              example = example.replace('{'+key+'}', this._example(items, key));","            }","            break;","        }","","        endpoint.validation[validationType].example = example;","","      }","","    }","","    return endpoint;","","  }","","  _mapExamples(items) {","    let mapping = {};","    for (let key of Object.keys(items)) {","      mapping[key] = this._example(items, key);","    }","    return mapping;","  }","","  _example(items, key) {","    return (items[key].valid && items[key].valid.length > 1) ? items[key].valid[0] : items[key].example;","  }","","  _isIterable(obj) {","    if (obj == null) {","      return false","    }","    return obj[Symbol.iterator] !== undefined","  }","","  recursivelyAbsorb(children, parentKey, master) {","","    if (!this._isIterable(children)) { return; }","","    for (let param of children) {","","      let key = `${parentKey ? parentKey+'.' : ''}${param.key}`,","          valids = param.schema._valids,","          type = param.schema._type,","          description = param.schema._description;","","      master[key] = { type };","","      if (this._notEmpty(valids)) {","        master[key].valid = valids._set;","      }","","      if (description) {","        master[key].description = description;","      }","","      if (param.schema._type === 'object') {","        this.recursivelyAbsorb(param.schema._inner.children, key, master);","      } else {","        master[key].example = this.examples[type] || `<${type}>`;","      }","","    }","","  }","","  _notEmpty(thing) {","    return Object.keys(thing).length > 0;","  }","","  flatten(table) {","","    let routing = {};","","    for (let endpoint of table) {","","      let plc = endpoint.public;","      if (!plc.settings.tags || plc.settings.tags.indexOf('private') === -1) {","        routing[plc.path] = routing[plc.path] || {};","        try {","          routing[plc.path][plc.method] = this.flattenEntry(plc);","        } catch (e) {","          console.error(e, e.stack);","        }","        routing[plc.path][plc.method].validation.params = routing[plc.path][plc.method].validation.params || { example: plc.path };","      }","","    }","","    return routing;","","  }","","  fetchRoutes(server) {","","    let routes = [];","","    for (let table of server.table()) {","      routes = routes.concat(table.table);","    }","","    return routes;","","  }","","}","","module.exports = new RouteFlattener();",""],"l":{"3":1,"9":1,"22":0,"29":0,"35":0,"37":0,"38":0,"43":0,"45":0,"48":0,"50":0,"51":0,"53":0,"55":0,"56":0,"57":0,"59":0,"60":0,"62":0,"63":0,"64":0,"66":0,"69":0,"75":0,"80":0,"81":0,"82":0,"84":0,"88":0,"92":0,"93":0,"95":0,"100":0,"102":0,"104":0,"109":0,"111":0,"112":0,"115":0,"116":0,"119":0,"120":0,"122":0,"130":0,"135":0,"137":0,"139":0,"140":0,"141":0,"142":0,"143":0,"145":0,"147":0,"152":0,"158":0,"160":0,"161":0,"164":0,"170":1}},"/home/travis/build/npmtest/node-npmtest-hapi-ending/node_modules/hapi-ending/src/helpers/debug.js":{"path":"/home/travis/build/npmtest/node-npmtest-hapi-ending/node_modules/hapi-ending/src/helpers/debug.js","s":{"1":1,"2":0,"3":0,"4":0,"5":0,"6":0,"7":0,"8":0},"b":{"1":[0,0]},"f":{"1":0},"fnMap":{"1":{"name":"(anonymous_1)","line":1,"loc":{"start":{"line":1,"column":17},"end":{"line":1,"column":41}}}},"statementMap":{"1":{"start":{"line":1,"column":0},"end":{"line":11,"column":2}},"2":{"start":{"line":2,"column":2},"end":{"line":2,"column":33}},"3":{"start":{"line":3,"column":2},"end":{"line":3,"column":38}},"4":{"start":{"line":4,"column":2},"end":{"line":4,"column":20}},"5":{"start":{"line":6,"column":2},"end":{"line":10,"column":3}},"6":{"start":{"line":7,"column":4},"end":{"line":7,"column":25}},"7":{"start":{"line":8,"column":4},"end":{"line":8,"column":40}},"8":{"start":{"line":9,"column":4},"end":{"line":9,"column":31}}},"branchMap":{"1":{"line":6,"type":"if","locations":[{"start":{"line":6,"column":2},"end":{"line":6,"column":2}},{"start":{"line":6,"column":2},"end":{"line":6,"column":2}}]}},"code":["module.exports = function(optionalValue) {","  console.log(\"Current Context\");","  console.log(\"====================\");","  console.log(this);","","  if (optionalValue) {","    console.log(\"Value\");","    console.log(\"====================\");","    console.log(optionalValue);","  }","};",""],"l":{"1":1,"2":0,"3":0,"4":0,"6":0,"7":0,"8":0,"9":0}},"/home/travis/build/npmtest/node-npmtest-hapi-ending/node_modules/hapi-ending/src/helpers/idify.js":{"path":"/home/travis/build/npmtest/node-npmtest-hapi-ending/node_modules/hapi-ending/src/helpers/idify.js","s":{"1":1,"2":1,"3":0,"4":0},"b":{},"f":{"1":0},"fnMap":{"1":{"name":"(anonymous_1)","line":4,"loc":{"start":{"line":4,"column":17},"end":{"line":4,"column":40}}}},"statementMap":{"1":{"start":{"line":2,"column":0},"end":{"line":2,"column":33}},"2":{"start":{"line":4,"column":0},"end":{"line":7,"column":2}},"3":{"start":{"line":5,"column":2},"end":{"line":5,"column":54}},"4":{"start":{"line":6,"column":2},"end":{"line":6,"column":43}}},"branchMap":{},"code":["'use strict';","var shortid = require('shortid');","","module.exports = function(part1, part2) {","  let ep = `${part2.toString()}__${part1.toString()}`;","  return new Buffer(ep).toString('base64');","};",""],"l":{"2":1,"4":1,"5":0,"6":0}},"/home/travis/build/npmtest/node-npmtest-hapi-ending/node_modules/hapi-ending/src/helpers/stringify.js":{"path":"/home/travis/build/npmtest/node-npmtest-hapi-ending/node_modules/hapi-ending/src/helpers/stringify.js","s":{"1":1,"2":0},"b":{},"f":{"1":0},"fnMap":{"1":{"name":"(anonymous_1)","line":2,"loc":{"start":{"line":2,"column":17},"end":{"line":2,"column":32}}}},"statementMap":{"1":{"start":{"line":2,"column":0},"end":{"line":4,"column":2}},"2":{"start":{"line":3,"column":2},"end":{"line":3,"column":42}}},"branchMap":{},"code":["","module.exports = function(json) {","  return JSON.stringify(json, null, '\\t');","};",""],"l":{"2":1,"3":0}},"/home/travis/build/npmtest/node-npmtest-hapi-ending/node_modules/hapi-ending/src/public/js/all.js":{"path":"/home/travis/build/npmtest/node-npmtest-hapi-ending/node_modules/hapi-ending/src/public/js/all.js","s":{"1":2,"2":2,"3":0,"4":0,"5":0,"6":0,"7":0,"8":0,"9":0,"10":0,"11":0,"12":0,"13":0,"14":0,"15":0,"16":0,"17":0,"18":0,"19":0,"20":0,"21":0,"22":0,"23":0,"24":0,"25":0,"26":0,"27":0,"28":0,"29":0,"30":0,"31":0,"32":0,"33":0,"34":0,"35":0,"36":0,"37":0,"38":0,"39":0,"40":0,"41":0,"42":0,"43":0,"44":0,"45":0,"46":0,"47":0,"48":0,"49":0,"50":0,"51":0,"52":0,"53":0,"54":0,"55":0,"56":0,"57":0,"58":0,"59":0,"60":0,"61":0,"62":0,"63":0,"64":0,"65":0,"66":0,"67":0,"68":0,"69":0,"70":0,"71":0,"72":0,"73":0,"74":0,"75":0,"76":0,"77":0,"78":0,"79":0,"80":0,"81":0,"82":0,"83":0,"84":0,"85":0,"86":0,"87":0,"88":0,"89":0,"90":0,"91":0,"92":0,"93":0,"94":0,"95":0,"96":0,"97":0,"98":0,"99":0,"100":0,"101":0,"102":0,"103":0,"104":1,"105":0,"106":0,"107":0,"108":0,"109":0,"110":1,"111":0,"112":0,"113":0,"114":0,"115":0,"116":0,"117":0,"118":0,"119":0,"120":0,"121":0,"122":0,"123":0,"124":0,"125":0,"126":0,"127":0,"128":0,"129":0,"130":0,"131":0,"132":0,"133":0,"134":0,"135":0,"136":0,"137":0,"138":0,"139":0,"140":0,"141":0,"142":0,"143":0,"144":0,"145":0,"146":0,"147":0,"148":0,"149":0,"150":0,"151":0,"152":0,"153":0,"154":0,"155":0,"156":0,"157":0,"158":0,"159":0,"160":0,"161":0,"162":0,"163":0,"164":0,"165":0,"166":0,"167":0,"168":0,"169":0,"170":0,"171":0,"172":0,"173":0,"174":0,"175":0,"176":0,"177":0,"178":0,"179":0,"180":0,"181":0,"182":0,"183":0,"184":0,"185":0,"186":0,"187":0,"188":0,"189":0,"190":0,"191":0,"192":0,"193":0,"194":0,"195":0,"196":0,"197":0,"198":0,"199":0,"200":0,"201":0,"202":0,"203":0,"204":0,"205":0,"206":0,"207":0,"208":0,"209":0,"210":0,"211":0,"212":0,"213":0,"214":0,"215":0,"216":0,"217":0,"218":0,"219":0,"220":0,"221":0,"222":0,"223":0,"224":0,"225":0,"226":0,"227":0,"228":0,"229":0,"230":0,"231":0,"232":0,"233":0,"234":0,"235":0,"236":0,"237":0,"238":0,"239":0,"240":0,"241":0,"242":0,"243":0,"244":0,"245":0,"246":0,"247":0,"248":0,"249":0,"250":0,"251":0,"252":0,"253":0,"254":0,"255":0,"256":0,"257":0,"258":0,"259":0,"260":0,"261":0,"262":0,"263":0,"264":0,"265":0,"266":0,"267":0,"268":0,"269":0,"270":0,"271":0,"272":0,"273":0,"274":0,"275":0,"276":0,"277":0,"278":0,"279":0,"280":0,"281":0,"282":0,"283":0,"284":0,"285":0,"286":0,"287":0,"288":0,"289":0,"290":0,"291":0,"292":0,"293":0,"294":0,"295":0,"296":0,"297":0,"298":0,"299":0,"300":0,"301":0,"302":0,"303":0,"304":0,"305":0,"306":0,"307":0,"308":0,"309":0,"310":0,"311":0,"312":0,"313":0,"314":0,"315":0,"316":0,"317":0,"318":0,"319":0,"320":0,"321":0,"322":0,"323":0,"324":0,"325":0,"326":0,"327":0,"328":0,"329":0,"330":0,"331":0,"332":0,"333":0,"334":0,"335":0,"336":0,"337":0,"338":0,"339":0,"340":0,"341":0,"342":0,"343":0,"344":0,"345":0,"346":0,"347":0,"348":0,"349":0,"350":0,"351":0,"352":0,"353":0,"354":0,"355":0,"356":0,"357":0,"358":0,"359":0,"360":0,"361":0,"362":0,"363":0,"364":0,"365":0,"366":0,"367":0,"368":0,"369":0,"370":0,"371":0,"372":0,"373":0,"374":0,"375":0,"376":0,"377":0,"378":0,"379":0,"380":0,"381":0,"382":0,"383":0,"384":0,"385":0,"386":0,"387":0,"388":0,"389":0,"390":0,"391":0,"392":0,"393":0,"394":0,"395":0,"396":0,"397":0,"398":0,"399":0,"400":0,"401":0,"402":0,"403":0,"404":0,"405":0,"406":0,"407":0,"408":0,"409":0,"410":0,"411":0,"412":0,"413":0,"414":0,"415":0,"416":0,"417":0,"418":0,"419":0,"420":0,"421":0,"422":0,"423":0,"424":0,"425":0,"426":0,"427":0,"428":0,"429":0,"430":0,"431":0,"432":0,"433":0,"434":0,"435":0,"436":0,"437":0,"438":0,"439":0,"440":0,"441":0,"442":0,"443":0,"444":0,"445":0,"446":0,"447":0,"448":0,"449":0,"450":0,"451":0,"452":0,"453":0,"454":0,"455":0,"456":0,"457":0,"458":0,"459":0,"460":0,"461":0,"462":0,"463":0,"464":0,"465":0,"466":0,"467":0,"468":0,"469":0,"470":0,"471":0,"472":1,"473":0,"474":0,"475":0,"476":0,"477":0,"478":1,"479":0,"480":0,"481":0,"482":1,"483":0,"484":0,"485":0,"486":0,"487":0,"488":0,"489":0,"490":0,"491":1,"492":0,"493":0,"494":0,"495":1,"496":0,"497":1,"498":0,"499":0,"500":0,"501":0,"502":0,"503":0,"504":1,"505":0,"506":1,"507":0,"508":0,"509":0,"510":1,"511":0,"512":0,"513":0,"514":0,"515":0,"516":0,"517":0,"518":0},"b":{"1":[0,0],"2":[0,0],"3":[0,0],"4":[0,0],"5":[0,0],"6":[0,0],"7":[0,0,0],"8":[0,0],"9":[0,0,0,0,0,0,0],"10":[0,0],"11":[0,0,0],"12":[0,0],"13":[0,0],"14":[0,0],"15":[0,0],"16":[0,0],"17":[0,0],"18":[0,0],"19":[0,0,0,0,0],"20":[0,0],"21":[0,0],"22":[0,0],"23":[0,0],"24":[0,0],"25":[0,0],"26":[0,0],"27":[0,0],"28":[0,0],"29":[0,0],"30":[0,0],"31":[0,0,0],"32":[0,0],"33":[0,0],"34":[0,0],"35":[0,0],"36":[0,0],"37":[0,0],"38":[0,0],"39":[0,0],"40":[0,0],"41":[0,0],"42":[0,0],"43":[0,0],"44":[0,0],"45":[0,0],"46":[0,0],"47":[0,0,0],"48":[0,0],"49":[0,0],"50":[0,0],"51":[0,0],"52":[0,0],"53":[0,0],"54":[0,0],"55":[0,0],"56":[0,0],"57":[0,0],"58":[0,0],"59":[0,0],"60":[0,0],"61":[0,0],"62":[0,0],"63":[0,0],"64":[0,0],"65":[0,0,0],"66":[0,0],"67":[0,0],"68":[0,0,0],"69":[0,0],"70":[0,0],"71":[0,0],"72":[0,0],"73":[0,0],"74":[0,0],"75":[0,0],"76":[0,0],"77":[0,0,0],"78":[0,0],"79":[0,0],"80":[0,0],"81":[0,0],"82":[0,0],"83":[0,0],"84":[0,0],"85":[0,0],"86":[0,0],"87":[0,0,0],"88":[0,0],"89":[0,0],"90":[0,0],"91":[0,0],"92":[0,0],"93":[0,0],"94":[0,0],"95":[0,0],"96":[0,0],"97":[0,0],"98":[0,0],"99":[0,0],"100":[0,0],"101":[0,0,0,0],"102":[0,0],"103":[0,0],"104":[0,0],"105":[0,0],"106":[0,0],"107":[0,0],"108":[0,0],"109":[0,0],"110":[0,0],"111":[0,0],"112":[0,0,0,0,0,0],"113":[0,0],"114":[0,0],"115":[0,0],"116":[0,0],"117":[0,0],"118":[0,0,0],"119":[0,0],"120":[0,0],"121":[0,0,0,0],"122":[0,0],"123":[0,0,0],"124":[0,0],"125":[0,0],"126":[0,0,0,0,0],"127":[0,0],"128":[0,0,0],"129":[0,0,0],"130":[0,0],"131":[0,0,0,0,0],"132":[0,0],"133":[0,0],"134":[0,0],"135":[0,0],"136":[0,0],"137":[0,0],"138":[0,0],"139":[0,0],"140":[0,0,0],"141":[0,0],"142":[0,0],"143":[0,0],"144":[0,0],"145":[0,0],"146":[0,0],"147":[0,0,0],"148":[0,0],"149":[0,0],"150":[0,0],"151":[0,0],"152":[0,0],"153":[0,0],"154":[0,0],"155":[0,0],"156":[0,0],"157":[0,0],"158":[0,0],"159":[0,0],"160":[0,0],"161":[0,0],"162":[0,0],"163":[0,0],"164":[0,0],"165":[0,0],"166":[0,0],"167":[0,0],"168":[0,0],"169":[0,0],"170":[0,0],"171":[0,0],"172":[0,0],"173":[0,0],"174":[0,0],"175":[0,0],"176":[0,0],"177":[0,0],"178":[0,0],"179":[0,0],"180":[0,0],"181":[0,0],"182":[0,0],"183":[0,0],"184":[0,0],"185":[0,0],"186":[0,0],"187":[0,0],"188":[0,0],"189":[0,0],"190":[0,0],"191":[0,0],"192":[0,0],"193":[0,0],"194":[0,0],"195":[0,0],"196":[0,0],"197":[0,0],"198":[0,0],"199":[0,0],"200":[0,0],"201":[0,0],"202":[0,0],"203":[0,0],"204":[0,0],"205":[0,0],"206":[0,0],"207":[0,0],"208":[0,0],"209":[0,0],"210":[0,0],"211":[0,0],"212":[0,0],"213":[0,0],"214":[0,0],"215":[0,0],"216":[0,0],"217":[0,0],"218":[0,0],"219":[0,0],"220":[0,0],"221":[0,0],"222":[0,0,0,0],"223":[0,0,0],"224":[0,0],"225":[0,0],"226":[0,0],"227":[0,0],"228":[0,0],"229":[0,0],"230":[0,0],"231":[0,0],"232":[0,0],"233":[0,0],"234":[0,0
[...]
nt.find(c+\",\"+u).addClass(\"nav nav-list\"),this.focusClass=\"active\"):(this.focusClass=s,this.hoverClass=r),this},setOption:function(){t.Widget.prototype._setOption.apply(this,arguments)},setOptions:function(){t.Widget.prototype._setOptions.apply(this,arguments)},_scrollTo:function(e){var i=this,n=i.options.smoothScroll||0,o=i.options.scrollTo;return t(\"html, body\").promise().done(function(){t(\"html, body\").animate({scrollTop:t('div[data-unique=\"'+e.attr(\"data-unique\")+'\"]').next().offset().top-(t.isFunction(o)?o.call():o)+\"px\"},{duration:n})}),i}})}),/**"," * lunr - http://lunrjs.com - A bit like Solr, but much smaller and not as bright - 0.5.2"," * Copyright (C) 2014 Oliver Nightingale"," * MIT Licensed"," * @license"," */","function(){var t=function(e){var i=new t.Index;return i.pipeline.add(t.trimmer,t.stopWordFilter,t.stemmer),e&&e.call(i,i),i};t.version=\"0.5.2\",/*!"," * lunr.utils"," * Copyright (C) 2014 Oliver Nightingale"," */","t.utils={},t.utils.warn=function(t){return function(e){t.console&&console.warn&&console.warn(e)}}(this),/*!"," * lunr.EventEmitter"," * Copyright (C) 2014 Oliver Nightingale"," */","t.EventEmitter=function(){this.events={}},t.EventEmitter.prototype.addListener=function(){var t=Array.prototype.slice.call(arguments),e=t.pop(),i=t;if(\"function\"!=typeof e)throw new TypeError(\"last argument must be a function\");i.forEach(function(t){this.hasHandler(t)||(this.events[t]=[]),this.events[t].push(e)},this)},t.EventEmitter.prototype.removeListener=function(t,e){if(this.hasHandler(t)){var i=this.events[t].indexOf(e);this.events[t].splice(i,1),this.events[t].length||delete this.events[t]}},t.EventEmitter.prototype.emit=function(t){if(this.hasHandler(t)){var e=Array.prototype.slice.call(arguments,1);this.events[t].forEach(function(t){t.apply(void 0,e)})}},t.EventEmitter.prototype.hasHandler=function(t){return t in this.events},/*!"," * lunr.tokenizer"," * Copyright (C) 2014 Oliver Nightingale"," */","t.tokenizer=function(t){if(!arguments.length||null==t||void 0==t)return[];if(Array.isArray(t))return t.map(function(t){return t.toLowerCase()});for(var e=t.toString().replace(/^\\s+/,\"\"),i=e.length-1;i>=0;i--)if(/\\S/.test(e.charAt(i))){e=e.substring(0,i+1);break}return e.split(/\\s+/).map(function(t){return t.toLowerCase()})},/*!"," * lunr.Pipeline"," * Copyright (C) 2014 Oliver Nightingale"," */","t.Pipeline=function(){this._stack=[]},t.Pipeline.registeredFunctions={},t.Pipeline.registerFunction=function(e,i){i in this.registeredFunctions&&t.utils.warn(\"Overwriting existing registered function: \"+i),e.label=i,t.Pipeline.registeredFunctions[e.label]=e},t.Pipeline.warnIfFunctionNotRegistered=function(e){var i=e.label&&e.label in this.registeredFunctions;i||t.utils.warn(\"Function is not registered with pipeline. This may cause problems when serialising the index.\\n\",e)},t.Pipeline.load=function(e){var i=new t.Pipeline;return e.forEach(function(e){var n=t.Pipeline.registeredFunctions[e];if(!n)throw new Error(\"Cannot load un-registered function: \"+e);i.add(n)}),i},t.Pipeline.prototype.add=function(){var e=Array.prototype.slice.call(arguments);e.forEach(function(e){t.Pipeline.warnIfFunctionNotRegistered(e),this._stack.push(e)},this)},t.Pipeline.prototype.after=function(e,i){t.Pipeline.warnIfFunctionNotRegistered(i);var n=this._stack.indexOf(e)+1;this._stack.splice(n,0,i)},t.Pipeline.prototype.before=function(e,i){t.Pipeline.warnIfFunctionNotRegistered(i);var n=this._stack.indexOf(e);this._stack.splice(n,0,i)},t.Pipeline.prototype.remove=function(t){var e=this._stack.indexOf(t);this._stack.splice(e,1)},t.Pipeline.prototype.run=function(t){for(var e=[],i=t.length,n=this._stack.length,o=0;i>o;o++){for(var s=t[o],r=0;n>r&&(s=this._stack[r](s,o,t),void 0!==s);r++);void 0!==s&&e.push(s)}return e},t.Pipeline.prototype.reset=function(){this._stack=[]},t.Pipeline.prototype.toJSON=function(){return this._stack.map(function(e){return t.Pipeline.warnIfFunctionNotRegistered(e),e.label})},/*!"," * lunr.Vector"," * Copyright (C) 2014 Oliver Nightingale"," */","t.Vector=function(){this._magnitude=null,this.list=void 0,this.length=0},t.Vector.Node=function(t,e,i){this.idx=t,this.val=e,this.next=i},t.Vector.prototype.insert=function(e,i){var n=this.list;if(!n)return this.list=new t.Vector.Node(e,i,n),this.length++;for(var o=n,s=n.next;void 0!=s;){if(e<s.idx)return o.next=new t.Vector.Node(e,i,s),this.length++;o=s,s=s.next}return o.next=new t.Vector.Node(e,i,s),this.length++},t.Vector.prototype.magnitude=function(){if(this._magniture)return this._magnitude;for(var t,e=this.list,i=0;e;)t=e.val,i+=t*t,e=e.next;return this._magnitude=Math.sqrt(i)},t.Vector.prototype.dot=function(t){for(var e=this.list,i=t.list,n=0;e&&i;)e.idx<i.idx?e=e.next:e.idx>i.idx?i=i.next:(n+=e.val*i.val,e=e.next,i=i.next);return n},t.Vector.prototype.similarity=function(t){return this.dot(t)/(this.magnitude()*t.magnitude())},/*!"," * lunr.SortedSet"," * Copyright (C) 2014 Oliver Nightingale"," */","t.SortedSet=function(){this.length=0,this.elements=[]},t.SortedSet.load=function(t){var e=new this;return e.elements=t,e.length=t.length,e},t.SortedSet.prototype.add=function(){Array.prototype.slice.call(arguments).forEach(function(t){~this.indexOf(t)||this.elements.splice(this.locationFor(t),0,t)},this),this.length=this.elements.length},t.SortedSet.prototype.toArray=function(){return this.elements.slice()},t.SortedSet.prototype.map=function(t,e){return this.elements.map(t,e)},t.SortedSet.prototype.forEach=function(t,e){return this.elements.forEach(t,e)},t.SortedSet.prototype.indexOf=function(t,e,i){var e=e||0,i=i||this.elements.length,n=i-e,o=e+Math.floor(n/2),s=this.elements[o];return 1>=n?s===t?o:-1:t>s?this.indexOf(t,o,i):s>t?this.indexOf(t,e,o):s===t?o:void 0},t.SortedSet.prototype.locationFor=function(t,e,i){var e=e||0,i=i||this.elements.length,n=i-e,o=e+Math.floor(n/2),s=this.elements[o];if(1>=n){if(s>t)return o;if(t>s)return o+1}return t>s?this.locationFor(t,o,i):s>t?this.locationFor(t,e,o):void 0},t.SortedSet.prototype.intersect=function(e){for(var i=new t.SortedSet,n=0,o=0,s=this.length,r=e.length,a=this.elements,l=e.elements;;){if(n>s-1||o>r-1)break;a[n]!==l[o]?a[n]<l[o]?n++:a[n]>l[o]&&o++:(i.add(a[n]),n++,o++)}return i},t.SortedSet.prototype.clone=function(){var e=new t.SortedSet;return e.elements=this.toArray(),e.length=e.elements.length,e},t.SortedSet.prototype.union=function(t){var e,i,n;return this.length>=t.length?(e=this,i=t):(e=t,i=this),n=e.clone(),n.add.apply(n,i.toArray()),n},t.SortedSet.prototype.toJSON=function(){return this.toArray()},/*!"," * lunr.Index"," * Copyright (C) 2014 Oliver Nightingale"," */","t.Index=function(){this._fields=[],this._ref=\"id\",this.pipeline=new t.Pipeline,this.documentStore=new t.Store,this.tokenStore=new t.TokenStore,this.corpusTokens=new t.SortedSet,this.eventEmitter=new t.EventEmitter,this._idfCache={},this.on(\"add\",\"remove\",\"update\",function(){this._idfCache={}}.bind(this))},t.Index.prototype.on=function(){var t=Array.prototype.slice.call(arguments);return this.eventEmitter.addListener.apply(this.eventEmitter,t)},t.Index.prototype.off=function(t,e){return this.eventEmitter.removeListener(t,e)},t.Index.load=function(e){e.version!==t.version&&t.utils.warn(\"version mismatch: current \"+t.version+\" importing \"+e.version);var i=new this;return i._fields=e.fields,i._ref=e.ref,i.documentStore=t.Store.load(e.documentStore),i.tokenStore=t.TokenStore.load(e.tokenStore),i.corpusTokens=t.SortedSet.load(e.corpusTokens),i.pipeline=t.Pipeline.load(e.pipeline),i},t.Index.prototype.field=function(t,e){var e=e||{},i={name:t,boost:e.boost||1};return this._fields.push(i),this},t.Index.prototype.ref=function(t){return this._ref=t,this},t.Index.prototype.add=function(e,i){var n={},o=new t.SortedSet,s=e[this._ref],i=void 0===i?!0:i;this._fields.forEach(function(i){var s=this.pipeline.run(t.tokenizer(e[i.name]));n[i.name]=s,t.SortedSet.prototype.add.apply(o,s)},this),this.documentStore.set(s,o),t.SortedSet.prototype.add.apply(this.corpusTokens,o.toArray());for(var r=0;r<o.length;r++){var a=o.elements[r],l=this._fields.reduce(function(t,e){var i=n[e.name].length;if(!i)return t;var o=n[e.name].filter(function(t){return t===a}).length;return t+o/i*e.boost},0);this.tokenStore.add(a,{ref:s,tf:l})}i&&this.eventEmitter.emit(\"add\",e,this)},t.Index.prototype.remove=function(t,e){var i=t[this._ref],e=void 0===e?!0:e;if(this.documentStore.has(i)){var n=this.documentStore.get(i);this.documentStore.remove(i),n.forEach(function(t){this.tokenStore.remove(t,i)},this),e&&this.eventEmitter.emit(\"remove\",t,this)}},t.Index.prototype.update=function(t,e){var e=void 0===e?!0:e;this.remove(t,!1),this.add(t,!1),e&&this.eventEmitter.emit(\"update\",t,this)},t.Index.prototype.idf=function(t){var e=\"@\"+t;if(Object.prototype.hasOwnProperty.call(this._idfCache,e))return this._idfCache[e];var i=this.tokenStore.count(t),n=1;return i>0&&(n=1+Math.log(this.tokenStore.length/i)),this._idfCache[e]=n},t.Index.prototype.search=function(e){var i=this.pipeline.run(t.tokenizer(e)),n=new t.Vector,o=[],s=this._fields.reduce(function(t,e){return t+e.boost},0),r=i.some(function(t){return this.tokenStore.has(t)},this);if(!r)return[];i.forEach(function(e,i,r){var a=1/r.length*this._fields.length*s,l=this,c=this.tokenStore.expand(e).reduce(function(i,o){var s=l.corpusTokens.indexOf(o),r=l.idf(o),c=1,h=new t.SortedSet;if(o!==e){var u=Math.max(3,o.length-e.length);c=1/Math.log(u)}return s>-1&&n.insert(s,a*r*c),Object.keys(l.tokenStore.get(o)).forEach(function(t){h.add(t)}),i.union(h)},new t.SortedSet);o.push(c)},this);var a=o.reduce(function(t,e){return t.intersect(e)});return a.map(function(t){return{ref:t,score:n.similarity(this.documentVector(t))}},this).sort(function(t,e){return e.score-t.score})},t.Index.prototype.documentVector=function(e){for(var i=this.documentStore.get(e),n=i.length,o=new t.Vector,s=0;n>s;s++){var r=i.elements[s],a=this.tokenStore.get(r)[e].tf,l=this.idf(r);o.insert(this.corpusTokens.indexOf(r),a*l)}return o},t.Index.prototype.toJSON=function(){return{version:t.version,fields:this._fields,ref:this._ref,documentStore:this.documentStore.toJSON(),tokenStore:this.tokenStore.toJSON(),corpusTokens:this.corpusTokens.toJSON(),pipeline:this.pipeline.toJSON()}},t.Index.prototype.use=function(t){var e=Array.prototype.slice.call(arguments,1);e.unshift(this),t.apply(this,e)},/*!"," * lunr.Store"," * Copyright (C) 2014 Oliver Nightingale"," */","t.Store=function(){this.store={},this.length=0},t.Store.load=function(e){var i=new this;return i.length=e.length,i.store=Object.keys(e.store).reduce(function(i,n){return i[n]=t.SortedSet.load(e.store[n]),i},{}),i},t.Store.prototype.set=function(t,e){this.store[t]=e,this.length=Object.keys(this.store).length},t.Store.prototype.get=function(t){return this.store[t]},t.Store.prototype.has=function(t){return t in this.store},t.Store.prototype.remove=function(t){this.has(t)&&(delete this.store[t],this.length--)},t.Store.prototype.toJSON=function(){return{store:this.store,length:this.length}},/*!"," * lunr.stemmer"," * Copyright (C) 2014 Oliver Nightingale"," * Includes code from - http://tartarus.org/~martin/PorterStemmer/js.txt"," */","t.stemmer=function(){var t={ational:\"ate\",tional:\"tion\",enci:\"ence\",anci:\"ance\",izer:\"ize\",bli:\"ble\",alli:\"al\",entli:\"ent\",eli:\"e\",ousli:\"ous\",ization:\"ize\",ation:\"ate\",ator:\"ate\",alism:\"al\",iveness:\"ive\",fulness:\"ful\",ousness:\"ous\",aliti:\"al\",iviti:\"ive\",biliti:\"ble\",logi:\"log\"},e={icate:\"ic\",ative:\"\",alize:\"al\",iciti:\"ic\",ical:\"ic\",ful:\"\",ness:\"\"},i=\"[^aeiou]\",n=\"[aeiouy]\",o=i+\"[^aeiouy]*\",s=n+\"[aeiou]*\",r=\"^(\"+o+\")?\"+s+o,a=\"^(\"+o+\")?\"+s+o+\"(\"+s+\")?$\",l=\"^(\"+o+\")?\"+s+o+s+o,c=\"^(\"+o+\")?\"+n;return function(i){var s,h,u,d,f,p,g;if(i.length<3)return i;if(u=i.substr(0,1),\"y\"==u&&(i=u.toUpperCase()+i.substr(1)),d=/^(.+?)(ss|i)es$/,f=/^(.+?)([^s])s$/,d.test(i)?i=i.replace(d,\"$1$2\"):f.test(i)&&(i=i.replace(f,\"$1$2\")),d=/^(.+?)eed$/,f=/^(.+?)(ed|ing)$/,d.test(i)){var m=d.exec(i);d=new RegExp(r),d.test(m[1])&&(d=/.$/,i=i.replace(d,\"\"))}else if(f.test(i)){var m=f.exec(i);s=m[1],f=new RegExp(c),f.test(s)&&(i=s,f=/(at|bl|iz)$/,p=new RegExp(\"([^aeiouylsz])\\\\1$\"),g=new RegExp(\"^\"+o+n+\"[^aeiouwxy]$\"),f.test(i)?i+=\"e\":p.test(i)?(d=/.$/,i=i.replace(d,\"\")):g.test(i)&&(i+=\"e\"))}if(d=/^(.+?)y$/,d.test(i)){var m=d.exec(i);s=m[1],d=new RegExp(c),d.test(s)&&(i=s+\"i\")}if(d=/^(.+?)(ational|tional|enci|anci|izer|bli|alli|entli|eli|ousli|ization|ation|ator|alism|iveness|fulness|ousness|aliti|iviti|biliti|logi)$/,d.test(i)){var m=d.exec(i);s=m[1],h=m[2],d=new RegExp(r),d.test(s)&&(i=s+t[h])}if(d=/^(.+?)(icate|ative|alize|iciti|ical|ful|ness)$/,d.test(i)){var m=d.exec(i);s=m[1],h=m[2],d=new RegExp(r),d.test(s)&&(i=s+e[h])}if(d=/^(.+?)(al|ance|ence|er|ic|able|ible|ant|ement|ment|ent|ou|ism|ate|iti|ous|ive|ize)$/,f=/^(.+?)(s|t)(ion)$/,d.test(i)){var m=d.exec(i);s=m[1],d=new RegExp(l),d.test(s)&&(i=s)}else if(f.test(i)){var m=f.exec(i);s=m[1]+m[2],f=new RegExp(l),f.test(s)&&(i=s)}if(d=/^(.+?)e$/,d.test(i)){var m=d.exec(i);s=m[1],d=new RegExp(l),f=new RegExp(a),p=new RegExp(\"^\"+o+n+\"[^aeiouwxy]$\"),(d.test(s)||f.test(s)&&!p.test(s))&&(i=s)}return d=/ll$/,f=new RegExp(l),d.test(i)&&f.test(i)&&(d=/.$/,i=i.replace(d,\"\")),\"y\"==u&&(i=u.toLowerCase()+i.substr(1)),i}}(),t.Pipeline.registerFunction(t.stemmer,\"stemmer\"),/*!"," * lunr.stopWordFilter"," * Copyright (C) 2014 Oliver Nightingale"," */","t.stopWordFilter=function(e){return-1===t.stopWordFilter.stopWords.indexOf(e)?e:void 0},t.stopWordFilter.stopWords=new t.SortedSet,t.stopWordFilter.stopWords.length=119,t.stopWordFilter.stopWords.elements=[\"\",\"a\",\"able\",\"about\",\"across\",\"after\",\"all\",\"almost\",\"also\",\"am\",\"among\",\"an\",\"and\",\"any\",\"are\",\"as\",\"at\",\"be\",\"because\",\"been\",\"but\",\"by\",\"can\",\"cannot\",\"could\",\"dear\",\"did\",\"do\",\"does\",\"either\",\"else\",\"ever\",\"every\",\"for\",\"from\",\"get\",\"got\",\"had\",\"has\",\"have\",\"he\",\"her\",\"hers\",\"him\",\"his\",\"how\",\"however\",\"i\",\"if\",\"in\",\"into\",\"is\",\"it\",\"its\",\"just\",\"least\",\"let\",\"like\",\"likely\",\"may\",\"me\",\"might\",\"most\",\"must\",\"my\",\"neither\",\"no\",\"nor\",\"not\",\"of\",\"off\",\"often\",\"on\",\"only\",\"or\",\"other\",\"our\",\"own\",\"rather\",\"said\",\"say\",\"says\",\"she\",\"should\",\"since\",\"so\",\"some\",\"than\",\"that\",\"the\",\"their\",\"them\",\"then\",\"there\",\"these\",\"they\",\"this\",\"tis\",\"to\",\"too\",\"twas\",\"us\",\"wants\",\"was\",\"we\",\"were\",\"what\",\"when\",\"where\",\"which\",\"while\",\"who\",\"whom\",\"why\",\"will\",\"with\",\"would\",\"yet\",\"you\",\"your\"],t.Pipeline.registerFunction(t.stopWordFilter,\"stopWordFilter\"),/*!"," * lunr.trimmer"," * Copyright (C) 2014 Oliver Nightingale"," */","t.trimmer=function(t){return t.replace(/^\\W+/,\"\").replace(/\\W+$/,\"\")},t.Pipeline.registerFunction(t.trimmer,\"trimmer\"),/*!"," * lunr.stemmer"," * Copyright (C) 2014 Oliver Nightingale"," * Includes code from - http://tartarus.org/~martin/PorterStemmer/js.txt"," */","t.TokenStore=function(){this.root={docs:{}},this.length=0},t.TokenStore.load=function(t){var e=new this;return e.root=t.root,e.length=t.length,e},t.TokenStore.prototype.add=function(t,e,i){var i=i||this.root,n=t[0],o=t.slice(1);return n in i||(i[n]={docs:{}}),0===o.length?(i[n].docs[e.ref]=e,void(this.length+=1)):this.add(o,e,i[n])},t.TokenStore.prototype.has=function(t){if(!t)return!1;for(var e=this.root,i=0;i<t.length;i++){if(!e[t[i]])return!1;e=e[t[i]]}return!0},t.TokenStore.prototype.getNode=function(t){if(!t)return{};for(var e=this.root,i=0;i<t.length;i++){if(!e[t[i]])return{};e=e[t[i]]}return e},t.TokenStore.prototype.get=function(t,e){return this.getNode(t,e).docs||{}},t.TokenStore.prototype.count=function(t,e){return Object.keys(this.get(t,e)).length},t.TokenStore.prototype.remove=function(t,e){if(t){for(var i=this.root,n=0;n<t.length;n++){if(!(t[n]in i))return;i=i[t[n]]}delete i.docs[e]}},t.TokenStore.prototype.expand=function(t,e){var i=this.getNode(t),n=i.docs||{},e=e||[];return Object.keys(n).length&&e.push(t),Object.keys(i).forEach(function(i){\"docs\"!==i&&e.concat(this.expand(t+i,e))},this),e},t.TokenStore.prototype.toJSON=function(){return{root:this.root,length:this.length}},function(t,e){\"function\"==typeof define&&define.amd?define(e):\"object\"==typeof exports?module.exports=e():t.lunr=e()}(this,function(){return t})}(),/*","Copyright 2008-2013 Concur Technologies, Inc.","","Licensed under the Apache License, Version 2.0 (the \"License\"); you may","not use this file except in compliance with the License. You may obtain","a copy of the License at","","  http://www.apache.org/licenses/LICENSE-2.0","","Unless required by applicable law or agreed to in writing, software","distributed under the License is distributed on an \"AS IS\" BASIS, WITHOUT","WARRANTIES OR CONDITIONS OF ANY KIND, either express or implied. See the","License for the specific language governing permissions and limitations","under the License.","*/","function(t){function e(e){if(e&&\"\"!==e){$(\".lang-selector a\").removeClass(\"active\"),$(\".lang-selector a[data-language-name='\"+e+\"']\").addClass(\"active\");for(var i=0;i<o.length;i++)$(\".highlight.\"+o[i]).parent().hide();$(\".highlight.\"+e).parent().show(),t.toc.calculateHeights(),$(window.location.hash).get(0).scrollIntoView(!0)}}function i(t){if(history){var e=window.location.hash;e&&(e=e.replace(/^#+/,\"\")),history.pushState({},\"\",\"?\"+t+\"#\"+e),localStorage.setItem(\"language\",t)}}function n(t){var i=(t[0],localStorage.getItem(\"language\"));o=t,\"\"!==location.search.substr(1)&&-1!=jQuery.inArray(location.search.substr(1),o)?(e(location.search.substr(1)),localStorage.setItem(\"language\",location.search.substr(1))):e(null!==i&&-1!=jQuery.inArray(i,o)?i:o[0])}var o=[];t.setupLanguages=n,t.activateLanguage=e,$(function(){$(\".lang-selector a\").on(\"click\",function(){var t=$(this).data(\"language-name\");return i(t),e(t),!1}),window.onpopstate=function(){e(window.location.search.substr(1))}})}(window),function(t){function e(){$(\"h1, h2\").each(function(){var t=$(this),e=t.nextUntil(\"h1, h2\");h.add({id:t.prop(\"id\"),title:t.text(),body:e.text()})})}function i(){r=$(\".content\"),a=$(\".dark-box\"),l=$(\".search-results\"),$(\"#input-search\").on(\"keyup\",n)}function n(t){if(s(),l.addClass(\"visible\"),27===t.keyCode&&(this.value=\"\"),this.value){var e=h.search(this.value).filter(function(t){return t.score>1e-4});e.length?(l.empty(),$.each(e,function(t,e){l.append(\"<li><a href='#\"+e.ref+\"'>\"+$(\"#\"+e.ref).text()+\"</a></li>\")}),o.call(this)):(l.html(\"<li></li>\"),$(\".search-results li\").text('No Results Found for \"'+this.value+'\"'))}else s(),l.removeClass(\"visible\")}function o(){this.value&&r.highlight(this.value,c)}function s(){r.unhighlight(c)}var r,a,l,c=($(t),{element:\"span\",className:\"search-highlight\"}),h=new lunr.Index;h.ref(\"id\"),h.field(\"title\",{boost:10}),h.field(\"body\"),h.pipeline.add(lunr.trimmer,lunr.stopWordFilter),$(e),$(i)}(window),function(t){function e(){setTimeout(function(){toc.setOption(\"showEffectSpeed\",180)},50)}var i=function(){$(\".tocify-wrapper\").removeClass(\"open\"),$(\"#nav-button\").removeClass(\"open\")},n=function(){t.toc=$(\"#toc\").tocify({selectors:\"h1, h2\",extendPage:!1,theme:\"none\",smoothScroll:!1,showEffectSpeed:0,hideEffectSpeed:180,ignoreSelector:\".toc-ignore\",highlightOffset:60,scrollTo:-1,scrollHistory:!0,hashGenerator:function(t,e){return e.prop(\"id\")}}).data(\"toc-tocify\"),$(\"#nav-button\").click(function(){return $(\".tocify-wrapper\").toggleClass(\"open\"),$(\"#nav-button\").toggleClass(\"open\"),!1}),$(\".page-wrapper\").click(i),$(\".tocify-item\").click(i)};$(n),$(e)}(window);",""],"l":{"1":2,"45":0,"49":1,"57":0,"63":0,"67":0,"71":0,"75":0,"79":0,"83":0,"87":0,"91":0,"95":0,"100":0,"104":0,"108":0,"113":0,"128":1}}}